{"/home/travis/build/npmtest/node-npmtest-tap/test.js":{"path":"/home/travis/build/npmtest/node-npmtest-tap/test.js","s":{"1":2,"2":2,"3":2,"4":2,"5":2,"6":2,"7":2,"8":1,"9":2,"10":2,"11":1,"12":1,"13":1,"14":1,"15":2,"16":2,"17":2,"18":2,"19":1,"20":1,"21":2,"22":2,"23":2,"24":1,"25":1,"26":1,"27":1,"28":1,"29":1,"30":1,"31":1,"32":1,"33":1,"34":1,"35":1,"36":1,"37":1,"38":1,"39":2,"40":2,"41":1,"42":2,"43":2,"44":1,"45":2,"46":2,"47":1,"48":2,"49":2,"50":1,"51":1,"52":1,"53":1,"54":1},"b":{"1":[2,1,1,1],"2":[1,1,1,1],"3":[1,1],"4":[1,1],"5":[1,1],"6":[1,1],"7":[1,1],"8":[1,1],"9":[1,1],"10":[1,1,1],"11":[1,1],"12":[1,1],"13":[1,1],"14":[1,1],"15":[1,1],"16":[1,1],"17":[1,1]},"f":{"1":2,"2":2,"3":2,"4":2,"5":2,"6":1,"7":1,"8":1,"9":2,"10":2,"11":2,"12":2,"13":1},"fnMap":{"1":{"name":"(anonymous_1)","line":12,"loc":{"start":{"line":12,"column":1},"end":{"line":12,"column":13}}},"2":{"name":"(anonymous_2)","line":19,"loc":{"start":{"line":19,"column":5},"end":{"line":19,"column":17}}},"3":{"name":"(anonymous_3)","line":23,"loc":{"start":{"line":23,"column":24},"end":{"line":23,"column":36}}},"4":{"name":"(anonymous_4)","line":61,"loc":{"start":{"line":61,"column":5},"end":{"line":61,"column":17}}},"5":{"name":"(anonymous_5)","line":82,"loc":{"start":{"line":82,"column":5},"end":{"line":82,"column":17}}},"6":{"name":"(anonymous_6)","line":91,"loc":{"start":{"line":91,"column":77},"end":{"line":94,"column":10}}},"7":{"name":"(anonymous_7)","line":112,"loc":{"start":{"line":112,"column":83},"end":{"line":115,"column":10}},"skip":true},"8":{"name":"(anonymous_8)","line":123,"loc":{"start":{"line":123,"column":77},"end":{"line":126,"column":10}},"skip":true},"9":{"name":"(anonymous_9)","line":139,"loc":{"start":{"line":139,"column":12},"end":{"line":139,"column":40}},"skip":true},"10":{"name":"(anonymous_10)","line":147,"loc":{"start":{"line":147,"column":77},"end":{"line":150,"column":10}},"skip":true},"11":{"name":"(anonymous_11)","line":158,"loc":{"start":{"line":158,"column":83},"end":{"line":161,"column":10}},"skip":true},"12":{"name":"(anonymous_12)","line":169,"loc":{"start":{"line":169,"column":79},"end":{"line":172,"column":10}},"skip":true},"13":{"name":"(anonymous_13)","line":180,"loc":{"start":{"line":180,"column":75},"end":{"line":183,"column":10}},"skip":true}},"statementMap":{"1":{"start":{"line":12,"column":0},"end":{"line":195,"column":5}},"2":{"start":{"line":14,"column":4},"end":{"line":14,"column":14}},"3":{"start":{"line":19,"column":4},"end":{"line":56,"column":9}},"4":{"start":{"line":21,"column":8},"end":{"line":21,"column":19}},"5":{"start":{"line":23,"column":8},"end":{"line":35,"column":13}},"6":{"start":{"line":24,"column":12},"end":{"line":34,"column":13}},"7":{"start":{"line":25,"column":16},"end":{"line":28,"column":30}},"8":{"start":{"line":30,"column":16},"end":{"line":33,"column":27}},"9":{"start":{"line":37,"column":8},"end":{"line":39,"column":21}},"10":{"start":{"line":40,"column":8},"end":{"line":53,"column":9}},"11":{"start":{"line":43,"column":12},"end":{"line":46,"column":14}},"12":{"start":{"line":47,"column":12},"end":{"line":47,"column":18}},"13":{"start":{"line":50,"column":12},"end":{"line":51,"column":33}},"14":{"start":{"line":52,"column":12},"end":{"line":52,"column":18}},"15":{"start":{"line":55,"column":8},"end":{"line":55,"column":35}},"16":{"start":{"line":61,"column":4},"end":{"line":63,"column":9}},"17":{"start":{"line":62,"column":8},"end":{"line":62,"column":15}},"18":{"start":{"line":64,"column":4},"end":{"line":77,"column":5}},"19":{"start":{"line":70,"column":8},"end":{"line":70,"column":14}},"20":{"start":{"line":76,"column":8},"end":{"line":76,"column":14}},"21":{"start":{"line":82,"column":4},"end":{"line":84,"column":9}},"22":{"start":{"line":83,"column":8},"end":{"line":83,"column":15}},"23":{"start":{"line":85,"column":4},"end":{"line":194,"column":5}},"24":{"start":{"line":91,"column":8},"end":{"line":99,"column":10}},"25":{"start":{"line":98,"column":12},"end":{"line":98,"column":35}},"26":{"start":{"line":102,"column":8},"end":{"line":104,"column":63}},"27":{"start":{"line":105,"column":8},"end":{"line":105,"column":14}},"28":{"start":{"line":112,"column":8},"end":{"line":121,"column":10},"skip":true},"29":{"start":{"line":119,"column":12},"end":{"line":119,"column":55},"skip":true},"30":{"start":{"line":120,"column":12},"end":{"line":120,"column":48},"skip":true},"31":{"start":{"line":123,"column":8},"end":{"line":136,"column":10},"skip":true},"32":{"start":{"line":130,"column":12},"end":{"line":130,"column":76},"skip":true},"33":{"start":{"line":131,"column":12},"end":{"line":131,"column":73},"skip":true},"34":{"start":{"line":132,"column":12},"end":{"line":132,"column":74},"skip":true},"35":{"start":{"line":133,"column":12},"end":{"line":133,"column":79},"skip":true},"36":{"start":{"line":134,"column":12},"end":{"line":134,"column":25},"skip":true},"37":{"start":{"line":135,"column":12},"end":{"line":135,"column":45},"skip":true},"38":{"start":{"line":138,"column":8},"end":{"line":145,"column":14},"skip":true},"39":{"start":{"line":143,"column":16},"end":{"line":143,"column":29},"skip":true},"40":{"start":{"line":144,"column":16},"end":{"line":144,"column":55},"skip":true},"41":{"start":{"line":147,"column":8},"end":{"line":156,"column":10},"skip":true},"42":{"start":{"line":154,"column":12},"end":{"line":154,"column":25},"skip":true},"43":{"start":{"line":155,"column":12},"end":{"line":155,"column":45},"skip":true},"44":{"start":{"line":158,"column":8},"end":{"line":167,"column":10},"skip":true},"45":{"start":{"line":165,"column":12},"end":{"line":165,"column":25},"skip":true},"46":{"start":{"line":166,"column":12},"end":{"line":166,"column":48},"skip":true},"47":{"start":{"line":169,"column":8},"end":{"line":178,"column":10},"skip":true},"48":{"start":{"line":176,"column":12},"end":{"line":176,"column":25},"skip":true},"49":{"start":{"line":177,"column":12},"end":{"line":177,"column":46},"skip":true},"50":{"start":{"line":180,"column":8},"end":{"line":189,"column":10},"skip":true},"51":{"start":{"line":187,"column":12},"end":{"line":187,"column":94},"skip":true},"52":{"start":{"line":188,"column":12},"end":{"line":188,"column":48},"skip":true},"53":{"start":{"line":192,"column":8},"end":{"line":192,"column":35},"skip":true},"54":{"start":{"line":193,"column":8},"end":{"line":193,"column":14},"skip":true}},"branchMap":{"1":{"line":25,"type":"binary-expr","locations":[{"start":{"line":25,"column":23},"end":{"line":25,"column":62}},{"start":{"line":26,"column":20},"end":{"line":26,"column":70}},{"start":{"line":27,"column":20},"end":{"line":27,"column":71}},{"start":{"line":28,"column":20},"end":{"line":28,"column":29}}]},"2":{"line":30,"type":"binary-expr","locations":[{"start":{"line":30,"column":23},"end":{"line":30,"column":37}},{"start":{"line":31,"column":20},"end":{"line":31,"column":61}},{"start":{"line":32,"column":20},"end":{"line":32,"column":70}},{"start":{"line":33,"column":20},"end":{"line":33,"column":26}}]},"3":{"line":37,"type":"cond-expr","locations":[{"start":{"line":38,"column":14},"end":{"line":38,"column":20}},{"start":{"line":39,"column":14},"end":{"line":39,"column":20}}]},"4":{"line":40,"type":"switch","locations":[{"start":{"line":42,"column":8},"end":{"line":47,"column":18}},{"start":{"line":49,"column":8},"end":{"line":52,"column":18}}]},"5":{"line":44,"type":"binary-expr","locations":[{"start":{"line":44,"column":16},"end":{"line":44,"column":44}},{"start":{"line":44,"column":48},"end":{"line":44,"column":66}}]},"6":{"line":50,"type":"binary-expr","locations":[{"start":{"line":50,"column":21},"end":{"line":50,"column":49}},{"start":{"line":50,"column":53},"end":{"line":50,"column":72}}]},"7":{"line":64,"type":"switch","locations":[{"start":{"line":69,"column":4},"end":{"line":70,"column":14}},{"start":{"line":75,"column":4},"end":{"line":76,"column":14}}]},"8":{"line":85,"type":"switch","locations":[{"start":{"line":90,"column":4},"end":{"line":105,"column":14}},{"start":{"line":111,"column":4},"end":{"line":193,"column":14},"skip":true}]},"9":{"line":91,"type":"binary-expr","locations":[{"start":{"line":91,"column":42},"end":{"line":91,"column":73}},{"start":{"line":91,"column":77},"end":{"line":99,"column":9}}]},"10":{"line":102,"type":"binary-expr","locations":[{"start":{"line":102,"column":18},"end":{"line":102,"column":32}},{"start":{"line":103,"column":12},"end":{"line":103,"column":53}},{"start":{"line":104,"column":12},"end":{"line":104,"column":61}}]},"11":{"line":112,"type":"binary-expr","locations":[{"start":{"line":112,"column":45},"end":{"line":112,"column":79},"skip":true},{"start":{"line":112,"column":83},"end":{"line":121,"column":9},"skip":true}]},"12":{"line":123,"type":"binary-expr","locations":[{"start":{"line":123,"column":42},"end":{"line":123,"column":73},"skip":true},{"start":{"line":123,"column":77},"end":{"line":136,"column":9},"skip":true}]},"13":{"line":138,"type":"binary-expr","locations":[{"start":{"line":138,"column":48},"end":{"line":138,"column":85},"skip":true},{"start":{"line":139,"column":12},"end":{"line":145,"column":13},"skip":true}]},"14":{"line":147,"type":"binary-expr","locations":[{"start":{"line":147,"column":42},"end":{"line":147,"column":73},"skip":true},{"start":{"line":147,"column":77},"end":{"line":156,"column":9},"skip":true}]},"15":{"line":158,"type":"binary-expr","locations":[{"start":{"line":158,"column":45},"end":{"line":158,"column":79},"skip":true},{"start":{"line":158,"column":83},"end":{"line":167,"column":9},"skip":true}]},"16":{"line":169,"type":"binary-expr","locations":[{"start":{"line":169,"column":43},"end":{"line":169,"column":75},"skip":true},{"start":{"line":169,"column":79},"end":{"line":178,"column":9},"skip":true}]},"17":{"line":180,"type":"binary-expr","locations":[{"start":{"line":180,"column":41},"end":{"line":180,"column":71},"skip":true},{"start":{"line":180,"column":75},"end":{"line":189,"column":9},"skip":true}]}},"code":["/* istanbul instrument in package npmtest_tap */","/*jslint","    bitwise: true,","    browser: true,","    maxerr: 8,","    maxlen: 96,","    node: true,","    nomen: true,","    regexp: true,","    stupid: true","*/","(function () {","    'use strict';","    var local;","","","","    // run shared js-env code - init-before","    (function () {","        // init local","        local = {};","        // init modeJs","        local.modeJs = (function () {","            try {","                return typeof navigator.userAgent === 'string' &&","                    typeof document.querySelector('body') === 'object' &&","                    typeof XMLHttpRequest.prototype.open === 'function' &&","                    'browser';","            } catch (errorCaughtBrowser) {","                return module.exports &&","                    typeof process.versions.node === 'string' &&","                    typeof require('http').createServer === 'function' &&","                    'node';","            }","        }());","        // init global","        local.global = local.modeJs === 'browser'","            ? window","            : global;","        switch (local.modeJs) {","        // re-init local from window.local","        case 'browser':","            local = local.global.utility2.objectSetDefault(","                local.global.utility2_rollup || local.global.local,","                local.global.utility2","            );","            break;","        // re-init local from example.js","        case 'node':","            local = (local.global.utility2_rollup || require('utility2'))","                .requireReadme();","            break;","        }","        // export local","        local.global.local = local;","    }());","","","","    // run shared js-env code - function","    (function () {","        return;","    }());","    switch (local.modeJs) {","","","","    // run browser js-env code - function","    case 'browser':","        break;","","","","    // run node js-env code - function","    case 'node':","        break;","    }","","","","    // run shared js-env code - init-after","    (function () {","        return;","    }());","    switch (local.modeJs) {","","","","    // run browser js-env code - init-after","    case 'browser':","        local.testCase_browser_nullCase = local.testCase_browser_nullCase || function (","            options,","            onError","        ) {","        /*","         * this function will test browsers's null-case handling-behavior-behavior","         */","            onError(null, options);","        };","","        // run tests","        local.nop(local.modeTest &&","            document.querySelector('#testRunButton1') &&","            document.querySelector('#testRunButton1').click());","        break;","","","","    // run node js-env code - init-after","    /* istanbul ignore next */","    case 'node':","        local.testCase_buildApidoc_default = local.testCase_buildApidoc_default || function (","            options,","            onError","        ) {","        /*","         * this function will test buildApidoc's default handling-behavior-behavior","         */","            options = { modulePathList: module.paths };","            local.buildApidoc(options, onError);","        };","","        local.testCase_buildApp_default = local.testCase_buildApp_default || function (","            options,","            onError","        ) {","        /*","         * this function will test buildApp's default handling-behavior-behavior","         */","            local.testCase_buildReadme_default(options, local.onErrorThrow);","            local.testCase_buildLib_default(options, local.onErrorThrow);","            local.testCase_buildTest_default(options, local.onErrorThrow);","            local.testCase_buildCustomOrg_default(options, local.onErrorThrow);","            options = [];","            local.buildApp(options, onError);","        };","","        local.testCase_buildCustomOrg_default = local.testCase_buildCustomOrg_default ||","            function (options, onError) {","            /*","             * this function will test buildCustomOrg's default handling-behavior","             */","                options = {};","                local.buildCustomOrg(options, onError);","            };","","        local.testCase_buildLib_default = local.testCase_buildLib_default || function (","            options,","            onError","        ) {","        /*","         * this function will test buildLib's default handling-behavior","         */","            options = {};","            local.buildLib(options, onError);","        };","","        local.testCase_buildReadme_default = local.testCase_buildReadme_default || function (","            options,","            onError","        ) {","        /*","         * this function will test buildReadme's default handling-behavior-behavior","         */","            options = {};","            local.buildReadme(options, onError);","        };","","        local.testCase_buildTest_default = local.testCase_buildTest_default || function (","            options,","            onError","        ) {","        /*","         * this function will test buildTest's default handling-behavior","         */","            options = {};","            local.buildTest(options, onError);","        };","","        local.testCase_webpage_default = local.testCase_webpage_default || function (","            options,","            onError","        ) {","        /*","         * this function will test webpage's default handling-behavior","         */","            options = { modeCoverageMerge: true, url: local.serverLocalHost + '?modeTest=1' };","            local.browserTest(options, onError);","        };","","        // run test-server","        local.testRunServer(local);","        break;","    }","}());",""],"l":{"12":2,"14":2,"19":2,"21":2,"23":2,"24":2,"25":2,"30":1,"37":2,"40":2,"43":1,"47":1,"50":1,"52":1,"55":2,"61":2,"62":2,"64":2,"70":1,"76":1,"82":2,"83":2,"85":2,"91":1,"98":1,"102":1,"105":1,"112":1,"119":1,"120":1,"123":1,"130":1,"131":1,"132":1,"133":1,"134":1,"135":1,"138":1,"143":2,"144":2,"147":1,"154":2,"155":2,"158":1,"165":2,"166":2,"169":1,"176":2,"177":2,"180":1,"187":1,"188":1,"192":1,"193":1}},"/home/travis/build/npmtest/node-npmtest-tap/lib.npmtest_tap.js":{"path":"/home/travis/build/npmtest/node-npmtest-tap/lib.npmtest_tap.js","s":{"1":2,"2":2,"3":2,"4":2,"5":2,"6":2,"7":2,"8":1,"9":2,"10":2,"11":2,"12":2,"13":1,"14":1,"15":1,"16":1},"b":{"1":[2,1,1,1],"2":[1,1,1,1],"3":[1,1],"4":[2,2],"5":[1,1]},"f":{"1":2,"2":2,"3":2},"fnMap":{"1":{"name":"(anonymous_1)","line":12,"loc":{"start":{"line":12,"column":1},"end":{"line":12,"column":13}}},"2":{"name":"(anonymous_2)","line":19,"loc":{"start":{"line":19,"column":5},"end":{"line":19,"column":17}}},"3":{"name":"(anonymous_3)","line":23,"loc":{"start":{"line":23,"column":24},"end":{"line":23,"column":36}}}},"statementMap":{"1":{"start":{"line":12,"column":0},"end":{"line":53,"column":5}},"2":{"start":{"line":14,"column":4},"end":{"line":14,"column":14}},"3":{"start":{"line":19,"column":4},"end":{"line":52,"column":9}},"4":{"start":{"line":21,"column":8},"end":{"line":21,"column":19}},"5":{"start":{"line":23,"column":8},"end":{"line":35,"column":13}},"6":{"start":{"line":24,"column":12},"end":{"line":34,"column":13}},"7":{"start":{"line":25,"column":16},"end":{"line":28,"column":30}},"8":{"start":{"line":30,"column":16},"end":{"line":33,"column":27}},"9":{"start":{"line":37,"column":8},"end":{"line":39,"column":21}},"10":{"start":{"line":41,"column":8},"end":{"line":41,"column":54}},"11":{"start":{"line":43,"column":8},"end":{"line":43,"column":48}},"12":{"start":{"line":45,"column":8},"end":{"line":51,"column":9}},"13":{"start":{"line":46,"column":12},"end":{"line":46,"column":54}},"14":{"start":{"line":48,"column":12},"end":{"line":48,"column":35}},"15":{"start":{"line":49,"column":12},"end":{"line":49,"column":49}},"16":{"start":{"line":50,"column":12},"end":{"line":50,"column":43}}},"branchMap":{"1":{"line":25,"type":"binary-expr","locations":[{"start":{"line":25,"column":23},"end":{"line":25,"column":62}},{"start":{"line":26,"column":20},"end":{"line":26,"column":70}},{"start":{"line":27,"column":20},"end":{"line":27,"column":71}},{"start":{"line":28,"column":20},"end":{"line":28,"column":29}}]},"2":{"line":30,"type":"binary-expr","locations":[{"start":{"line":30,"column":23},"end":{"line":30,"column":37}},{"start":{"line":31,"column":20},"end":{"line":31,"column":61}},{"start":{"line":32,"column":20},"end":{"line":32,"column":70}},{"start":{"line":33,"column":20},"end":{"line":33,"column":26}}]},"3":{"line":37,"type":"cond-expr","locations":[{"start":{"line":38,"column":14},"end":{"line":38,"column":20}},{"start":{"line":39,"column":14},"end":{"line":39,"column":20}}]},"4":{"line":41,"type":"binary-expr","locations":[{"start":{"line":41,"column":16},"end":{"line":41,"column":44}},{"start":{"line":41,"column":48},"end":{"line":41,"column":53}}]},"5":{"line":45,"type":"if","locations":[{"start":{"line":45,"column":8},"end":{"line":45,"column":8}},{"start":{"line":45,"column":8},"end":{"line":45,"column":8}}]}},"code":["/* istanbul instrument in package npmtest_tap */","/*jslint","    bitwise: true,","    browser: true,","    maxerr: 8,","    maxlen: 96,","    node: true,","    nomen: true,","    regexp: true,","    stupid: true","*/","(function () {","    'use strict';","    var local;","","","","    // run shared js-env code - init-before","    (function () {","        // init local","        local = {};","        // init modeJs","        local.modeJs = (function () {","            try {","                return typeof navigator.userAgent === 'string' &&","                    typeof document.querySelector('body') === 'object' &&","                    typeof XMLHttpRequest.prototype.open === 'function' &&","                    'browser';","            } catch (errorCaughtBrowser) {","                return module.exports &&","                    typeof process.versions.node === 'string' &&","                    typeof require('http').createServer === 'function' &&","                    'node';","            }","        }());","        // init global","        local.global = local.modeJs === 'browser'","            ? window","            : global;","        // init utility2_rollup","        local = local.global.utility2_rollup || local;","        // init lib","        local.local = local.npmtest_tap = local;","        // init exports","        if (local.modeJs === 'browser') {","            local.global.utility2_npmtest_tap = local;","        } else {","            module.exports = local;","            module.exports.__dirname = __dirname;","            module.exports.module = module;","        }","    }());","}());",""],"l":{"12":2,"14":2,"19":2,"21":2,"23":2,"24":2,"25":2,"30":1,"37":2,"41":2,"43":2,"45":2,"46":1,"48":1,"49":1,"50":1}},"/home/travis/build/npmtest/node-npmtest-tap/example.js":{"path":"/home/travis/build/npmtest/node-npmtest-tap/example.js","s":{"1":2,"2":2,"3":2,"4":2,"5":2,"6":2,"7":2,"8":1,"9":2,"10":2,"11":2,"12":2,"13":1,"14":2,"15":2,"16":2,"17":2,"18":2,"19":0,"20":2,"21":1,"22":1,"23":1,"24":1,"25":1,"26":0,"27":0,"28":1,"29":1,"30":2,"31":0,"32":0,"33":0,"34":1,"35":2,"36":2,"37":3,"38":3,"39":3,"40":3,"41":0,"42":3,"43":3,"44":3,"45":1,"46":3,"47":1,"48":1,"49":1,"50":1,"51":1,"52":1,"53":1,"54":1,"55":1,"56":1,"57":0,"58":1,"59":6,"60":6,"61":1,"62":2,"63":0,"64":2,"65":1,"66":1,"67":0,"68":0,"69":0,"70":0,"71":0,"72":0,"73":0,"74":0,"75":0,"76":0,"77":0,"78":0,"79":0,"80":0,"81":0,"82":0,"83":0},"b":{"1":[2,1,1,1],"2":[1,1,1,1],"3":[1,1],"4":[2,2],"5":[1,1],"6":[1,1],"7":[2,0],"8":[2,1,1,1,1,1],"9":[0,2,0],"10":[1,1],"11":[2,1,1],"12":[1,0],"13":[0,2],"14":[2,0,0,0,0,0,0],"15":[0,3],"16":[3,0],"17":[1,1],"18":[0,1],"19":[1,2,0,2],"20":[1,0],"21":[1,1],"22":[0,0],"23":[0,0],"24":[0,0],"25":[0,0],"26":[0,0],"27":[0,0],"28":[0,0]},"f":{"1":2,"2":2,"3":2,"4":2,"5":2,"6":2,"7":3,"8":3,"9":3,"10":1,"11":6,"12":0},"fnMap":{"1":{"name":"(anonymous_1)","line":26,"loc":{"start":{"line":26,"column":1},"end":{"line":26,"column":13}}},"2":{"name":"(anonymous_2)","line":33,"loc":{"start":{"line":33,"column":5},"end":{"line":33,"column":17}}},"3":{"name":"(anonymous_3)","line":37,"loc":{"start":{"line":37,"column":24},"end":{"line":37,"column":36}}},"4":{"name":"(anonymous_4)","line":69,"loc":{"start":{"line":69,"column":31},"end":{"line":69,"column":48}},"skip":true},"5":{"name":"(anonymous_5)","line":78,"loc":{"start":{"line":78,"column":26},"end":{"line":78,"column":45}},"skip":true},"6":{"name":"(anonymous_6)","line":123,"loc":{"start":{"line":123,"column":33},"end":{"line":123,"column":48}},"skip":true},"7":{"name":"(anonymous_7)","line":125,"loc":{"start":{"line":125,"column":27},"end":{"line":125,"column":39}},"skip":true},"8":{"name":"(anonymous_8)","line":133,"loc":{"start":{"line":133,"column":59},"end":{"line":133,"column":74}},"skip":true},"9":{"name":"(anonymous_9)","line":143,"loc":{"start":{"line":143,"column":45},"end":{"line":143,"column":62}},"skip":true},"10":{"name":"(anonymous_10)","line":144,"loc":{"start":{"line":144,"column":73},"end":{"line":144,"column":92}},"skip":true},"11":{"name":"(anonymous_11)","line":272,"loc":{"start":{"line":272,"column":51},"end":{"line":272,"column":77}},"skip":true},"12":{"name":"(anonymous_12)","line":315,"loc":{"start":{"line":315,"column":32},"end":{"line":315,"column":61}},"skip":true}},"statementMap":{"1":{"start":{"line":26,"column":0},"end":{"line":326,"column":5}},"2":{"start":{"line":28,"column":4},"end":{"line":28,"column":14}},"3":{"start":{"line":33,"column":4},"end":{"line":60,"column":9}},"4":{"start":{"line":35,"column":8},"end":{"line":35,"column":19}},"5":{"start":{"line":37,"column":8},"end":{"line":49,"column":13}},"6":{"start":{"line":38,"column":12},"end":{"line":48,"column":13}},"7":{"start":{"line":39,"column":16},"end":{"line":42,"column":30}},"8":{"start":{"line":44,"column":16},"end":{"line":47,"column":27}},"9":{"start":{"line":51,"column":8},"end":{"line":53,"column":21}},"10":{"start":{"line":55,"column":8},"end":{"line":57,"column":45}},"11":{"start":{"line":59,"column":8},"end":{"line":59,"column":35}},"12":{"start":{"line":61,"column":4},"end":{"line":325,"column":5}},"13":{"start":{"line":69,"column":8},"end":{"line":121,"column":10},"skip":true},"14":{"start":{"line":70,"column":12},"end":{"line":88,"column":13},"skip":true},"15":{"start":{"line":76,"column":16},"end":{"line":87,"column":19},"skip":true},"16":{"start":{"line":79,"column":20},"end":{"line":86,"column":21},"skip":true},"17":{"start":{"line":82,"column":24},"end":{"line":82,"column":43},"skip":true},"18":{"start":{"line":83,"column":24},"end":{"line":83,"column":30},"skip":true},"19":{"start":{"line":85,"column":24},"end":{"line":85,"column":49},"skip":true},"20":{"start":{"line":89,"column":12},"end":{"line":107,"column":13},"skip":true},"21":{"start":{"line":92,"column":16},"end":{"line":102,"column":17},"skip":true},"22":{"start":{"line":93,"column":20},"end":{"line":93,"column":86},"skip":true},"23":{"start":{"line":94,"column":20},"end":{"line":95,"column":45},"skip":true},"24":{"start":{"line":96,"column":20},"end":{"line":96,"column":42},"skip":true},"25":{"start":{"line":97,"column":20},"end":{"line":97,"column":48},"skip":true},"26":{"start":{"line":100,"column":20},"end":{"line":100,"column":85},"skip":true},"27":{"start":{"line":101,"column":20},"end":{"line":101,"column":96},"skip":true},"28":{"start":{"line":103,"column":16},"end":{"line":103,"column":22},"skip":true},"29":{"start":{"line":106,"column":16},"end":{"line":106,"column":22},"skip":true},"30":{"start":{"line":108,"column":12},"end":{"line":120,"column":13},"skip":true},"31":{"start":{"line":114,"column":16},"end":{"line":119,"column":17},"skip":true},"32":{"start":{"line":116,"column":20},"end":{"line":116,"column":78},"skip":true},"33":{"start":{"line":118,"column":20},"end":{"line":118,"column":47},"skip":true},"34":{"start":{"line":123,"column":8},"end":{"line":141,"column":11},"skip":true},"35":{"start":{"line":124,"column":12},"end":{"line":124,"column":54},"skip":true},"36":{"start":{"line":125,"column":12},"end":{"line":140,"column":14},"skip":true},"37":{"start":{"line":126,"column":16},"end":{"line":126,"column":28},"skip":true},"38":{"start":{"line":127,"column":16},"end":{"line":127,"column":69},"skip":true},"39":{"start":{"line":128,"column":16},"end":{"line":128,"column":75},"skip":true},"40":{"start":{"line":129,"column":16},"end":{"line":131,"column":17},"skip":true},"41":{"start":{"line":130,"column":20},"end":{"line":130,"column":27},"skip":true},"42":{"start":{"line":133,"column":16},"end":{"line":137,"column":36},"skip":true},"43":{"start":{"line":134,"column":20},"end":{"line":136,"column":55},"skip":true},"44":{"start":{"line":139,"column":16},"end":{"line":139,"column":57},"skip":true},"45":{"start":{"line":143,"column":8},"end":{"line":147,"column":11},"skip":true},"46":{"start":{"line":144,"column":12},"end":{"line":146,"column":15},"skip":true},"47":{"start":{"line":145,"column":16},"end":{"line":145,"column":70},"skip":true},"48":{"start":{"line":149,"column":8},"end":{"line":149,"column":31},"skip":true},"49":{"start":{"line":150,"column":8},"end":{"line":150,"column":14},"skip":true},"50":{"start":{"line":158,"column":8},"end":{"line":158,"column":31},"skip":true},"51":{"start":{"line":160,"column":8},"end":{"line":160,"column":33},"skip":true},"52":{"start":{"line":161,"column":8},"end":{"line":161,"column":37},"skip":true},"53":{"start":{"line":162,"column":8},"end":{"line":162,"column":35},"skip":true},"54":{"start":{"line":164,"column":8},"end":{"line":164,"column":50},"skip":true},"55":{"start":{"line":166,"column":8},"end":{"line":256,"column":2},"skip":true},"56":{"start":{"line":258,"column":8},"end":{"line":286,"column":9},"skip":true},"57":{"start":{"line":259,"column":12},"end":{"line":269,"column":14},"skip":true},"58":{"start":{"line":271,"column":12},"end":{"line":285,"column":19},"skip":true},"59":{"start":{"line":274,"column":20},"end":{"line":274,"column":35},"skip":true},"60":{"start":{"line":275,"column":20},"end":{"line":284,"column":21},"skip":true},"61":{"start":{"line":277,"column":24},"end":{"line":277,"column":64},"skip":true},"62":{"start":{"line":279,"column":24},"end":{"line":279,"column":40},"skip":true},"63":{"start":{"line":281,"column":24},"end":{"line":281,"column":40},"skip":true},"64":{"start":{"line":283,"column":24},"end":{"line":283,"column":39},"skip":true},"65":{"start":{"line":288,"column":8},"end":{"line":290,"column":9},"skip":true},"66":{"start":{"line":289,"column":12},"end":{"line":289,"column":18},"skip":true},"67":{"start":{"line":291,"column":8},"end":{"line":293,"column":54},"skip":true},"68":{"start":{"line":296,"column":8},"end":{"line":301,"column":37},"skip":true},"69":{"start":{"line":303,"column":8},"end":{"line":303,"column":82},"skip":true},"70":{"start":{"line":306,"column":8},"end":{"line":308,"column":9},"skip":true},"71":{"start":{"line":307,"column":12},"end":{"line":307,"column":82},"skip":true},"72":{"start":{"line":310,"column":8},"end":{"line":312,"column":9},"skip":true},"73":{"start":{"line":311,"column":12},"end":{"line":311,"column":18},"skip":true},"74":{"start":{"line":313,"column":8},"end":{"line":313,"column":54},"skip":true},"75":{"start":{"line":314,"column":8},"end":{"line":314,"column":69},"skip":true},"76":{"start":{"line":315,"column":8},"end":{"line":323,"column":36},"skip":true},"77":{"start":{"line":316,"column":12},"end":{"line":316,"column":61},"skip":true},"78":{"start":{"line":317,"column":12},"end":{"line":320,"column":13},"skip":true},"79":{"start":{"line":318,"column":16},"end":{"line":318,"column":75},"skip":true},"80":{"start":{"line":319,"column":16},"end":{"line":319,"column":23},"skip":true},"81":{"start":{"line":321,"column":12},"end":{"line":321,"column":38},"skip":true},"82":{"start":{"line":322,"column":12},"end":{"line":322,"column":27},"skip":true},"83":{"start":{"line":324,"column":8},"end":{"line":324,"column":14},"skip":true}},"branchMap":{"1":{"line":39,"type":"binary-expr","locations":[{"start":{"line":39,"column":23},"end":{"line":39,"column":62}},{"start":{"line":40,"column":20},"end":{"line":40,"column":70}},{"start":{"line":41,"column":20},"end":{"line":41,"column":71}},{"start":{"line":42,"column":20},"end":{"line":42,"column":29}}]},"2":{"line":44,"type":"binary-expr","locations":[{"start":{"line":44,"column":23},"end":{"line":44,"column":37}},{"start":{"line":45,"column":20},"end":{"line":45,"column":61}},{"start":{"line":46,"column":20},"end":{"line":46,"column":70}},{"start":{"line":47,"column":20},"end":{"line":47,"column":26}}]},"3":{"line":51,"type":"cond-expr","locations":[{"start":{"line":52,"column":14},"end":{"line":52,"column":20}},{"start":{"line":53,"column":14},"end":{"line":53,"column":20}}]},"4":{"line":55,"type":"binary-expr","locations":[{"start":{"line":55,"column":16},"end":{"line":55,"column":44}},{"start":{"line":55,"column":49},"end":{"line":57,"column":43}}]},"5":{"line":55,"type":"cond-expr","locations":[{"start":{"line":56,"column":14},"end":{"line":56,"column":47}},{"start":{"line":57,"column":14},"end":{"line":57,"column":43}}]},"6":{"line":61,"type":"switch","locations":[{"start":{"line":68,"column":4},"end":{"line":150,"column":14},"skip":true},{"start":{"line":156,"column":4},"end":{"line":324,"column":14},"skip":true}]},"7":{"line":70,"type":"if","locations":[{"start":{"line":70,"column":12},"end":{"line":70,"column":12},"skip":true},{"start":{"line":70,"column":12},"end":{"line":70,"column":12},"skip":true}]},"8":{"line":70,"type":"binary-expr","locations":[{"start":{"line":70,"column":16},"end":{"line":70,"column":22},"skip":true},{"start":{"line":70,"column":27},"end":{"line":70,"column":32},"skip":true},{"start":{"line":71,"column":20},"end":{"line":71,"column":39},"skip":true},{"start":{"line":72,"column":20},"end":{"line":72,"column":49},"skip":true},{"start":{"line":73,"column":20},"end":{"line":73,"column":58},"skip":true},{"start":{"line":74,"column":20},"end":{"line":74,"column":69},"skip":true}]},"9":{"line":79,"type":"switch","locations":[{"start":{"line":80,"column":20},"end":{"line":80,"column":33},"skip":true},{"start":{"line":81,"column":20},"end":{"line":83,"column":30},"skip":true},{"start":{"line":84,"column":20},"end":{"line":85,"column":49},"skip":true}]},"10":{"line":89,"type":"switch","locations":[{"start":{"line":90,"column":12},"end":{"line":103,"column":22},"skip":true},{"start":{"line":105,"column":12},"end":{"line":106,"column":22},"skip":true}]},"11":{"line":89,"type":"binary-expr","locations":[{"start":{"line":89,"column":20},"end":{"line":89,"column":25},"skip":true},{"start":{"line":89,"column":29},"end":{"line":89,"column":48},"skip":true},{"start":{"line":89,"column":52},"end":{"line":89,"column":74},"skip":true}]},"12":{"line":92,"type":"if","locations":[{"start":{"line":92,"column":16},"end":{"line":92,"column":16},"skip":true},{"start":{"line":92,"column":16},"end":{"line":92,"column":16},"skip":true}]},"13":{"line":108,"type":"if","locations":[{"start":{"line":108,"column":12},"end":{"line":108,"column":12},"skip":true},{"start":{"line":108,"column":12},"end":{"line":108,"column":12},"skip":true}]},"14":{"line":108,"type":"binary-expr","locations":[{"start":{"line":108,"column":16},"end":{"line":108,"column":61},"skip":true},{"start":{"line":108,"column":66},"end":{"line":108,"column":72},"skip":true},{"start":{"line":108,"column":77},"end":{"line":108,"column":82},"skip":true},{"start":{"line":109,"column":20},"end":{"line":109,"column":39},"skip":true},{"start":{"line":110,"column":20},"end":{"line":110,"column":49},"skip":true},{"start":{"line":111,"column":20},"end":{"line":111,"column":58},"skip":true},{"start":{"line":112,"column":20},"end":{"line":112,"column":68},"skip":true}]},"15":{"line":129,"type":"if","locations":[{"start":{"line":129,"column":16},"end":{"line":129,"column":16},"skip":true},{"start":{"line":129,"column":16},"end":{"line":129,"column":16},"skip":true}]},"16":{"line":134,"type":"cond-expr","locations":[{"start":{"line":135,"column":26},"end":{"line":135,"column":29},"skip":true},{"start":{"line":136,"column":26},"end":{"line":136,"column":54},"skip":true}]},"17":{"line":164,"type":"binary-expr","locations":[{"start":{"line":164,"column":27},"end":{"line":164,"column":43},"skip":true},{"start":{"line":164,"column":47},"end":{"line":164,"column":49},"skip":true}]},"18":{"line":258,"type":"if","locations":[{"start":{"line":258,"column":8},"end":{"line":258,"column":8},"skip":true},{"start":{"line":258,"column":8},"end":{"line":258,"column":8},"skip":true}]},"19":{"line":275,"type":"switch","locations":[{"start":{"line":276,"column":20},"end":{"line":277,"column":64},"skip":true},{"start":{"line":278,"column":20},"end":{"line":279,"column":40},"skip":true},{"start":{"line":280,"column":20},"end":{"line":281,"column":40},"skip":true},{"start":{"line":282,"column":20},"end":{"line":283,"column":39},"skip":true}]},"20":{"line":288,"type":"if","locations":[{"start":{"line":288,"column":8},"end":{"line":288,"column":8},"skip":true},{"start":{"line":288,"column":8},"end":{"line":288,"column":8},"skip":true}]},"21":{"line":288,"type":"binary-expr","locations":[{"start":{"line":288,"column":12},"end":{"line":288,"column":40},"skip":true},{"start":{"line":288,"column":44},"end":{"line":288,"column":67},"skip":true}]},"22":{"line":292,"type":"binary-expr","locations":[{"start":{"line":292,"column":12},"end":{"line":292,"column":50},"skip":true},{"start":{"line":293,"column":12},"end":{"line":293,"column":53},"skip":true}]},"23":{"line":297,"type":"binary-expr","locations":[{"start":{"line":297,"column":12},"end":{"line":297,"column":61},"skip":true},{"start":{"line":298,"column":12},"end":{"line":301,"column":36},"skip":true}]},"24":{"line":303,"type":"binary-expr","locations":[{"start":{"line":303,"column":43},"end":{"line":303,"column":75},"skip":true},{"start":{"line":303,"column":79},"end":{"line":303,"column":81},"skip":true}]},"25":{"line":306,"type":"if","locations":[{"start":{"line":306,"column":8},"end":{"line":306,"column":8},"skip":true},{"start":{"line":306,"column":8},"end":{"line":306,"column":8},"skip":true}]},"26":{"line":310,"type":"if","locations":[{"start":{"line":310,"column":8},"end":{"line":310,"column":8},"skip":true},{"start":{"line":310,"column":8},"end":{"line":310,"column":8},"skip":true}]},"27":{"line":313,"type":"binary-expr","locations":[{"start":{"line":313,"column":27},"end":{"line":313,"column":43},"skip":true},{"start":{"line":313,"column":47},"end":{"line":313,"column":53},"skip":true}]},"28":{"line":317,"type":"if","locations":[{"start":{"line":317,"column":12},"end":{"line":317,"column":12},"skip":true},{"start":{"line":317,"column":12},"end":{"line":317,"column":12},"skip":true}]}},"code":["/*","example.js","","quickstart example","","instruction","    1. save this script as example.js","    2. run the shell command:","        $ npm install npmtest-tap && PORT=8081 node example.js","    3. play with the browser-demo on http://127.0.0.1:8081","*/","","","","/* istanbul instrument in package npmtest_tap */","/*jslint","    bitwise: true,","    browser: true,","    maxerr: 8,","    maxlen: 96,","    node: true,","    nomen: true,","    regexp: true,","    stupid: true","*/","(function () {","    'use strict';","    var local;","","","","    // run shared js-env code - init-before","    (function () {","        // init local","        local = {};","        // init modeJs","        local.modeJs = (function () {","            try {","                return typeof navigator.userAgent === 'string' &&","                    typeof document.querySelector('body') === 'object' &&","                    typeof XMLHttpRequest.prototype.open === 'function' &&","                    'browser';","            } catch (errorCaughtBrowser) {","                return module.exports &&","                    typeof process.versions.node === 'string' &&","                    typeof require('http').createServer === 'function' &&","                    'node';","            }","        }());","        // init global","        local.global = local.modeJs === 'browser'","            ? window","            : global;","        // init utility2_rollup","        local = local.global.utility2_rollup || (local.modeJs === 'browser'","            ? local.global.utility2_npmtest_tap","            : global.utility2_moduleExports);","        // export local","        local.global.local = local;","    }());","    switch (local.modeJs) {","","","","    // init-after","    // run browser js-env code - init-after","    /* istanbul ignore next */","    case 'browser':","        local.testRunBrowser = function (event) {","            if (!event || (event &&","                    event.currentTarget &&","                    event.currentTarget.className &&","                    event.currentTarget.className.includes &&","                    event.currentTarget.className.includes('onreset'))) {","                // reset output","                Array.from(","                    document.querySelectorAll('body > .resettable')","                ).forEach(function (element) {","                    switch (element.tagName) {","                    case 'INPUT':","                    case 'TEXTAREA':","                        element.value = '';","                        break;","                    default:","                        element.textContent = '';","                    }","                });","            }","            switch (event && event.currentTarget && event.currentTarget.id) {","            case 'testRunButton1':","                // show tests","                if (document.querySelector('#testReportDiv1').style.display === 'none') {","                    document.querySelector('#testReportDiv1').style.display = 'block';","                    document.querySelector('#testRunButton1').textContent =","                        'hide internal test';","                    local.modeTest = true;","                    local.testRunDefault(local);","                // hide tests","                } else {","                    document.querySelector('#testReportDiv1').style.display = 'none';","                    document.querySelector('#testRunButton1').textContent = 'run internal test';","                }","                break;","            // custom-case","            default:","                break;","            }","            if (document.querySelector('#inputTextareaEval1') && (!event || (event &&","                    event.currentTarget &&","                    event.currentTarget.className &&","                    event.currentTarget.className.includes &&","                    event.currentTarget.className.includes('oneval')))) {","                // try to eval input-code","                try {","                    /*jslint evil: true*/","                    eval(document.querySelector('#inputTextareaEval1').value);","                } catch (errorCaught) {","                    console.error(errorCaught);","                }","            }","        };","        // log stderr and stdout to #outputTextareaStdout1","        ['error', 'log'].forEach(function (key) {","            console[key + '_original'] = console[key];","            console[key] = function () {","                var element;","                console[key + '_original'].apply(console, arguments);","                element = document.querySelector('#outputTextareaStdout1');","                if (!element) {","                    return;","                }","                // append text to #outputTextareaStdout1","                element.value += Array.from(arguments).map(function (arg) {","                    return typeof arg === 'string'","                        ? arg","                        : JSON.stringify(arg, null, 4);","                }).join(' ') + '\\n';","                // scroll textarea to bottom","                element.scrollTop = element.scrollHeight;","            };","        });","        // init event-handling","        ['change', 'click', 'keyup'].forEach(function (event) {","            Array.from(document.querySelectorAll('.on' + event)).forEach(function (element) {","                element.addEventListener(event, local.testRunBrowser);","            });","        });","        // run tests","        local.testRunBrowser();","        break;","","","","    // run node js-env code - init-after","    /* istanbul ignore next */","    case 'node':","        // export local","        module.exports = local;","        // require modules","        local.fs = require('fs');","        local.http = require('http');","        local.url = require('url');","        // init assets","        local.assetsDict = local.assetsDict || {};","        /* jslint-ignore-begin */","        local.assetsDict['/assets.index.template.html'] = '\\","<!doctype html>\\n\\","<html lang=\"en\">\\n\\","<head>\\n\\","<meta charset=\"UTF-8\">\\n\\","<meta name=\"viewport\" content=\"width=device-width, initial-scale=1\">\\n\\","<title>{{env.npm_package_name}} (v{{env.npm_package_version}})</title>\\n\\","<style>\\n\\","/*csslint\\n\\","    box-sizing: false,\\n\\","    universal-selector: false\\n\\","*/\\n\\","* {\\n\\","    box-sizing: border-box;\\n\\","}\\n\\","body {\\n\\","    background: #dde;\\n\\","    font-family: Arial, Helvetica, sans-serif;\\n\\","    margin: 2rem;\\n\\","}\\n\\","body > * {\\n\\","    margin-bottom: 1rem;\\n\\","}\\n\\",".utility2FooterDiv {\\n\\","    margin-top: 20px;\\n\\","    text-align: center;\\n\\","}\\n\\","</style>\\n\\","<style>\\n\\","/*csslint\\n\\","*/\\n\\","textarea {\\n\\","    font-family: monospace;\\n\\","    height: 10rem;\\n\\","    width: 100%;\\n\\","}\\n\\","textarea[readonly] {\\n\\","    background: #ddd;\\n\\","}\\n\\","</style>\\n\\","</head>\\n\\","<body>\\n\\","<!-- utility2-comment\\n\\","<div id=\"ajaxProgressDiv1\" style=\"background: #d00; height: 2px; left: 0; margin: 0; padding: 0; position: fixed; top: 0; transition: background 0.5s, width 1.5s; width: 25%;\"></div>\\n\\","utility2-comment -->\\n\\","<h1>\\n\\","<!-- utility2-comment\\n\\","    <a\\n\\","        {{#if env.npm_package_homepage}}\\n\\","        href=\"{{env.npm_package_homepage}}\"\\n\\","        {{/if env.npm_package_homepage}}\\n\\","        target=\"_blank\"\\n\\","    >\\n\\","utility2-comment -->\\n\\","        {{env.npm_package_name}} (v{{env.npm_package_version}})\\n\\","<!-- utility2-comment\\n\\","    </a>\\n\\","utility2-comment -->\\n\\","</h1>\\n\\","<h3>{{env.npm_package_description}}</h3>\\n\\","<!-- utility2-comment\\n\\","<h4><a download href=\"assets.app.js\">download standalone app</a></h4>\\n\\","<button class=\"onclick onreset\" id=\"testRunButton1\">run internal test</button><br>\\n\\","<div id=\"testReportDiv1\" style=\"display: none;\"></div>\\n\\","utility2-comment -->\\n\\","\\n\\","\\n\\","\\n\\","<label>stderr and stdout</label>\\n\\","<textarea class=\"resettable\" id=\"outputTextareaStdout1\" readonly></textarea>\\n\\","<!-- utility2-comment\\n\\","{{#if isRollup}}\\n\\","<script src=\"assets.app.js\"></script>\\n\\","{{#unless isRollup}}\\n\\","utility2-comment -->\\n\\","<script src=\"assets.utility2.rollup.js\"></script>\\n\\","<script src=\"jsonp.utility2._stateInit?callback=window.utility2._stateInit\"></script>\\n\\","<script src=\"assets.npmtest_tap.rollup.js\"></script>\\n\\","<script src=\"assets.example.js\"></script>\\n\\","<script src=\"assets.test.js\"></script>\\n\\","<!-- utility2-comment\\n\\","{{/if isRollup}}\\n\\","utility2-comment -->\\n\\","<div class=\"utility2FooterDiv\">\\n\\","    [ this app was created with\\n\\","    <a href=\"https://github.com/kaizhu256/node-utility2\" target=\"_blank\">utility2</a>\\n\\","    ]\\n\\","</div>\\n\\","</body>\\n\\","</html>\\n\\","';","        /* jslint-ignore-end */","        if (local.templateRender) {","            local.assetsDict['/'] = local.templateRender(","                local.assetsDict['/assets.index.template.html'],","                {","                    env: local.objectSetDefault(local.env, {","                        npm_package_description: 'the greatest app in the world!',","                        npm_package_name: 'my-app',","                        npm_package_nameAlias: 'my_app',","                        npm_package_version: '0.0.1'","                    })","                }","            );","        } else {","            local.assetsDict['/'] = local.assetsDict['/assets.index.template.html']","                .replace((/\\{\\{env\\.(\\w+?)\\}\\}/g), function (match0, match1) {","                    // jslint-hack","                    String(match0);","                    switch (match1) {","                    case 'npm_package_description':","                        return 'the greatest app in the world!';","                    case 'npm_package_name':","                        return 'my-app';","                    case 'npm_package_nameAlias':","                        return 'my_app';","                    case 'npm_package_version':","                        return '0.0.1';","                    }","                });","        }","        // run the cli","        if (local.global.utility2_rollup || module !== require.main) {","            break;","        }","        local.assetsDict['/assets.example.js'] =","            local.assetsDict['/assets.example.js'] ||","            local.fs.readFileSync(__filename, 'utf8');","        // bug-workaround - long $npm_package_buildCustomOrg","        /* jslint-ignore-begin */","        local.assetsDict['/assets.npmtest_tap.rollup.js'] =","            local.assetsDict['/assets.npmtest_tap.rollup.js'] ||","            local.fs.readFileSync(","                local.npmtest_tap.__dirname + '/lib.npmtest_tap.js',","                'utf8'","            ).replace((/^#!/), '//');","        /* jslint-ignore-end */","        local.assetsDict['/favicon.ico'] = local.assetsDict['/favicon.ico'] || '';","        // if $npm_config_timeout_exit exists,","        // then exit this process after $npm_config_timeout_exit ms","        if (Number(process.env.npm_config_timeout_exit)) {","            setTimeout(process.exit, Number(process.env.npm_config_timeout_exit));","        }","        // start server","        if (local.global.utility2_serverHttp1) {","            break;","        }","        process.env.PORT = process.env.PORT || '8081';","        console.error('server starting on port ' + process.env.PORT);","        local.http.createServer(function (request, response) {","            request.urlParsed = local.url.parse(request.url);","            if (local.assetsDict[request.urlParsed.pathname] !== undefined) {","                response.end(local.assetsDict[request.urlParsed.pathname]);","                return;","            }","            response.statusCode = 404;","            response.end();","        }).listen(process.env.PORT);","        break;","    }","}());",""],"l":{"26":2,"28":2,"33":2,"35":2,"37":2,"38":2,"39":2,"44":1,"51":2,"55":2,"59":2,"61":2,"69":1,"70":2,"76":2,"79":2,"82":2,"83":2,"85":1,"89":2,"92":1,"93":1,"94":1,"96":1,"97":1,"100":1,"101":1,"103":1,"106":1,"108":2,"114":1,"116":1,"118":1,"123":1,"124":2,"125":2,"126":3,"127":3,"128":3,"129":3,"130":1,"133":3,"134":3,"139":3,"143":1,"144":3,"145":1,"149":1,"150":1,"158":1,"160":1,"161":1,"162":1,"164":1,"166":1,"258":1,"259":1,"271":1,"274":6,"275":6,"277":1,"279":2,"281":1,"283":2,"288":1,"289":1,"291":1,"296":1,"303":1,"306":1,"307":1,"310":1,"311":1,"313":1,"314":1,"315":1,"316":1,"317":1,"318":1,"319":1,"321":1,"322":1,"324":1}},"/home/travis/build/npmtest/node-npmtest-tap/node_modules/tap/lib/tap.js":{"path":"/home/travis/build/npmtest/node-npmtest-tap/node_modules/tap/lib/tap.js","s":{"1":1,"2":1,"3":1,"4":1,"5":1,"6":1,"7":1,"8":1,"9":1,"10":1,"11":1,"12":1,"13":0,"14":0,"15":0,"16":0,"17":0,"18":0,"19":0,"20":1,"21":0,"22":0,"23":0,"24":0,"25":0,"26":1,"27":0,"28":0,"29":0,"30":0,"31":0,"32":0,"33":0,"34":0,"35":0,"36":1,"37":1,"38":0,"39":0,"40":0,"41":0,"42":0,"43":0,"44":0,"45":0,"46":0,"47":0,"48":1,"49":0,"50":0,"51":0,"52":1,"53":0,"54":0,"55":0,"56":0,"57":0,"58":1,"59":0,"60":0,"61":0,"62":1,"63":0,"64":0,"65":1,"66":0,"67":0,"68":0,"69":1,"70":0,"71":0,"72":1,"73":1,"74":0,"75":1,"76":1,"77":1,"78":1,"79":1,"80":1,"81":1,"82":1,"83":1,"84":1,"85":1,"86":0,"87":0,"88":0,"89":0,"90":0,"91":0,"92":0,"93":0,"94":0,"95":0,"96":0,"97":0,"98":0,"99":0,"100":0,"101":0,"102":0,"103":0,"104":0,"105":0,"106":0,"107":0,"108":0,"109":0,"110":0,"111":0,"112":0,"113":0,"114":0,"115":0,"116":0,"117":0,"118":0,"119":0,"120":0},"b":{"1":[0,0],"2":[0,0],"3":[0,0],"4":[0,0],"5":[0,0],"6":[0,0],"7":[0,0,0],"8":[0,0],"9":[0,0,0],"10":[0,0],"11":[0,0,0],"12":[0,1],"13":[1,1],"14":[1,1],"15":[0,0],"16":[0,0,0],"17":[0,0,0],"18":[0,0],"19":[0,0],"20":[0,0],"21":[0,0],"22":[0,0],"23":[0,0],"24":[0,0],"25":[0,0],"26":[0,0],"27":[0,0],"28":[0,0],"29":[0,0]},"f":{"1":1,"2":0,"3":0,"4":0,"5":0,"6":0,"7":0,"8":0,"9":0,"10":0,"11":0,"12":0,"13":0,"14":0,"15":0,"16":0,"17":0,"18":0,"19":0,"20":0,"21":0,"22":0},"fnMap":{"1":{"name":"TAP","line":9,"loc":{"start":{"line":9,"column":0},"end":{"line":9,"column":23}}},"2":{"name":"(anonymous_2)","line":15,"loc":{"start":{"line":15,"column":21},"end":{"line":15,"column":33}}},"3":{"name":"monkeypatchEpipe","line":25,"loc":{"start":{"line":25,"column":0},"end":{"line":25,"column":29}}},"4":{"name":"(anonymous_4)","line":26,"loc":{"start":{"line":26,"column":24},"end":{"line":26,"column":40}}},"5":{"name":"(anonymous_5)","line":27,"loc":{"start":{"line":27,"column":11},"end":{"line":27,"column":29}}},"6":{"name":"monkeypatchExit","line":35,"loc":{"start":{"line":35,"column":0},"end":{"line":35,"column":28}}},"7":{"name":"(anonymous_7)","line":38,"loc":{"start":{"line":38,"column":23},"end":{"line":38,"column":43}}},"8":{"name":"reallyExit","line":39,"loc":{"start":{"line":39,"column":11},"end":{"line":39,"column":38}}},"9":{"name":"(anonymous_9)","line":45,"loc":{"start":{"line":45,"column":17},"end":{"line":45,"column":37}}},"10":{"name":"exit","line":46,"loc":{"start":{"line":46,"column":11},"end":{"line":46,"column":32}}},"11":{"name":"onExitEvent","line":56,"loc":{"start":{"line":56,"column":0},"end":{"line":56,"column":28}}},"12":{"name":"push","line":74,"loc":{"start":{"line":74,"column":21},"end":{"line":74,"column":38}}},"13":{"name":"(anonymous_13)","line":81,"loc":{"start":{"line":81,"column":29},"end":{"line":81,"column":41}}},"14":{"name":"(anonymous_14)","line":85,"loc":{"start":{"line":85,"column":35},"end":{"line":85,"column":49}}},"15":{"name":"(anonymous_15)","line":90,"loc":{"start":{"line":90,"column":23},"end":{"line":90,"column":35}}},"16":{"name":"(anonymous_16)","line":96,"loc":{"start":{"line":96,"column":28},"end":{"line":96,"column":40}}},"17":{"name":"(anonymous_17)","line":101,"loc":{"start":{"line":101,"column":23},"end":{"line":101,"column":35}}},"18":{"name":"(anonymous_18)","line":111,"loc":{"start":{"line":111,"column":50},"end":{"line":111,"column":64}}},"19":{"name":"(anonymous_19)","line":134,"loc":{"start":{"line":134,"column":7},"end":{"line":134,"column":31}}},"20":{"name":"(anonymous_20)","line":138,"loc":{"start":{"line":138,"column":51},"end":{"line":138,"column":64}}},"21":{"name":"(anonymous_21)","line":153,"loc":{"start":{"line":153,"column":34},"end":{"line":153,"column":47}}},"22":{"name":"(anonymous_22)","line":162,"loc":{"start":{"line":162,"column":32},"end":{"line":162,"column":45}}}},"statementMap":{"1":{"start":{"line":1,"column":0},"end":{"line":1,"column":31}},"2":{"start":{"line":2,"column":0},"end":{"line":2,"column":33}},"3":{"start":{"line":3,"column":0},"end":{"line":3,"column":33}},"4":{"start":{"line":4,"column":0},"end":{"line":4,"column":26}},"5":{"start":{"line":5,"column":0},"end":{"line":5,"column":43}},"6":{"start":{"line":6,"column":0},"end":{"line":6,"column":29}},"7":{"start":{"line":8,"column":0},"end":{"line":8,"column":24}},"8":{"start":{"line":9,"column":0},"end":{"line":12,"column":1}},"9":{"start":{"line":10,"column":2},"end":{"line":10,"column":26}},"10":{"start":{"line":11,"column":2},"end":{"line":11,"column":25}},"11":{"start":{"line":14,"column":0},"end":{"line":14,"column":19}},"12":{"start":{"line":15,"column":0},"end":{"line":23,"column":1}},"13":{"start":{"line":16,"column":2},"end":{"line":16,"column":16}},"14":{"start":{"line":17,"column":2},"end":{"line":17,"column":39}},"15":{"start":{"line":18,"column":2},"end":{"line":18,"column":33}},"16":{"start":{"line":19,"column":2},"end":{"line":19,"column":33}},"17":{"start":{"line":20,"column":2},"end":{"line":20,"column":44}},"18":{"start":{"line":21,"column":2},"end":{"line":21,"column":16}},"19":{"start":{"line":22,"column":2},"end":{"line":22,"column":12}},"20":{"start":{"line":25,"column":0},"end":{"line":33,"column":1}},"21":{"start":{"line":26,"column":2},"end":{"line":32,"column":24}},"22":{"start":{"line":27,"column":4},"end":{"line":31,"column":5}},"23":{"start":{"line":28,"column":6},"end":{"line":29,"column":31}},"24":{"start":{"line":29,"column":8},"end":{"line":29,"column":31}},"25":{"start":{"line":30,"column":6},"end":{"line":30,"column":40}},"26":{"start":{"line":35,"column":0},"end":{"line":53,"column":1}},"27":{"start":{"line":38,"column":2},"end":{"line":43,"column":23}},"28":{"start":{"line":39,"column":4},"end":{"line":42,"column":5}},"29":{"start":{"line":40,"column":6},"end":{"line":40,"column":30}},"30":{"start":{"line":41,"column":6},"end":{"line":41,"column":38}},"31":{"start":{"line":45,"column":2},"end":{"line":50,"column":17}},"32":{"start":{"line":46,"column":4},"end":{"line":49,"column":5}},"33":{"start":{"line":47,"column":6},"end":{"line":47,"column":30}},"34":{"start":{"line":48,"column":6},"end":{"line":48,"column":38}},"35":{"start":{"line":52,"column":2},"end":{"line":52,"column":33}},"36":{"start":{"line":55,"column":0},"end":{"line":55,"column":26}},"37":{"start":{"line":56,"column":0},"end":{"line":72,"column":1}},"38":{"start":{"line":57,"column":2},"end":{"line":58,"column":35}},"39":{"start":{"line":58,"column":4},"end":{"line":58,"column":35}},"40":{"start":{"line":60,"column":2},"end":{"line":60,"column":23}},"41":{"start":{"line":62,"column":2},"end":{"line":63,"column":16}},"42":{"start":{"line":63,"column":4},"end":{"line":63,"column":16}},"43":{"start":{"line":65,"column":2},"end":{"line":69,"column":3}},"44":{"start":{"line":66,"column":4},"end":{"line":66,"column":24}},"45":{"start":{"line":67,"column":4},"end":{"line":68,"column":24}},"46":{"start":{"line":68,"column":6},"end":{"line":68,"column":24}},"47":{"start":{"line":71,"column":2},"end":{"line":71,"column":38}},"48":{"start":{"line":74,"column":0},"end":{"line":79,"column":1}},"49":{"start":{"line":76,"column":2},"end":{"line":76,"column":27}},"50":{"start":{"line":77,"column":2},"end":{"line":77,"column":21}},"51":{"start":{"line":78,"column":2},"end":{"line":78,"column":41}},"52":{"start":{"line":81,"column":0},"end":{"line":88,"column":1}},"53":{"start":{"line":82,"column":2},"end":{"line":82,"column":20}},"54":{"start":{"line":83,"column":2},"end":{"line":83,"column":19}},"55":{"start":{"line":84,"column":2},"end":{"line":84,"column":45}},"56":{"start":{"line":85,"column":2},"end":{"line":87,"column":15}},"57":{"start":{"line":86,"column":4},"end":{"line":86,"column":18}},"58":{"start":{"line":90,"column":0},"end":{"line":94,"column":1}},"59":{"start":{"line":91,"column":2},"end":{"line":91,"column":46}},"60":{"start":{"line":92,"column":2},"end":{"line":92,"column":15}},"61":{"start":{"line":93,"column":2},"end":{"line":93,"column":17}},"62":{"start":{"line":96,"column":0},"end":{"line":99,"column":1}},"63":{"start":{"line":97,"column":2},"end":{"line":98,"column":53}},"64":{"start":{"line":98,"column":4},"end":{"line":98,"column":53}},"65":{"start":{"line":101,"column":0},"end":{"line":107,"column":1}},"66":{"start":{"line":102,"column":2},"end":{"line":106,"column":3}},"67":{"start":{"line":103,"column":4},"end":{"line":103,"column":25}},"68":{"start":{"line":105,"column":4},"end":{"line":105,"column":18}},"69":{"start":{"line":111,"column":0},"end":{"line":114,"column":1}},"70":{"start":{"line":112,"column":2},"end":{"line":112,"column":16}},"71":{"start":{"line":113,"column":2},"end":{"line":113,"column":55}},"72":{"start":{"line":116,"column":0},"end":{"line":116,"column":25}},"73":{"start":{"line":117,"column":0},"end":{"line":119,"column":18}},"74":{"start":{"line":119,"column":2},"end":{"line":119,"column":18}},"75":{"start":{"line":121,"column":0},"end":{"line":121,"column":22}},"76":{"start":{"line":122,"column":0},"end":{"line":122,"column":20}},"77":{"start":{"line":123,"column":0},"end":{"line":123,"column":33}},"78":{"start":{"line":124,"column":0},"end":{"line":124,"column":35}},"79":{"start":{"line":126,"column":0},"end":{"line":126,"column":15}},"80":{"start":{"line":127,"column":0},"end":{"line":127,"column":17}},"81":{"start":{"line":128,"column":0},"end":{"line":128,"column":17}},"82":{"start":{"line":129,"column":0},"end":{"line":129,"column":39}},"83":{"start":{"line":132,"column":0},"end":{"line":132,"column":35}},"84":{"start":{"line":133,"column":0},"end":{"line":133,"column":26}},"85":{"start":{"line":134,"column":0},"end":{"line":198,"column":2}},"86":{"start":{"line":135,"column":2},"end":{"line":136,"column":10}},"87":{"start":{"line":136,"column":4},"end":{"line":136,"column":10}},"88":{"start":{"line":138,"column":2},"end":{"line":142,"column":4}},"89":{"start":{"line":139,"column":4},"end":{"line":141,"column":24}},"90":{"start":{"line":143,"column":2},"end":{"line":143,"column":45}},"91":{"start":{"line":148,"column":2},"end":{"line":151,"column":3},"skip":true},"92":{"start":{"line":152,"column":2},"end":{"line":160,"column":3}},"93":{"start":{"line":153,"column":4},"end":{"line":159,"column":6}},"94":{"start":{"line":154,"column":6},"end":{"line":154,"column":44}},"95":{"start":{"line":155,"column":6},"end":{"line":157,"column":7}},"96":{"start":{"line":156,"column":8},"end":{"line":156,"column":31}},"97":{"start":{"line":158,"column":6},"end":{"line":158,"column":16}},"98":{"start":{"line":161,"column":2},"end":{"line":178,"column":3}},"99":{"start":{"line":162,"column":4},"end":{"line":177,"column":6}},"100":{"start":{"line":163,"column":6},"end":{"line":163,"column":44}},"101":{"start":{"line":164,"column":6},"end":{"line":166,"column":7}},"102":{"start":{"line":165,"column":8},"end":{"line":165,"column":27}},"103":{"start":{"line":167,"column":6},"end":{"line":169,"column":7}},"104":{"start":{"line":168,"column":8},"end":{"line":168,"column":43}},"105":{"start":{"line":170,"column":6},"end":{"line":172,"column":7}},"106":{"start":{"line":171,"column":8},"end":{"line":171,"column":34}},"107":{"start":{"line":173,"column":6},"end":{"line":175,"column":7}},"108":{"start":{"line":174,"column":8},"end":{"line":174,"column":44}},"109":{"start":{"line":176,"column":6},"end":{"line":176,"column":16}},"110":{"start":{"line":183,"column":2},"end":{"line":197,"column":3}},"111":{"start":{"line":184,"column":4},"end":{"line":184,"column":22}},"112":{"start":{"line":186,"column":4},"end":{"line":186,"column":69},"skip":true},"113":{"start":{"line":187,"column":4},"end":{"line":194,"column":5},"skip":true},"114":{"start":{"line":188,"column":6},"end":{"line":188,"column":25},"skip":true},"115":{"start":{"line":189,"column":6},"end":{"line":191,"column":7},"skip":true},"116":{"start":{"line":190,"column":8},"end":{"line":190,"column":23},"skip":true},"117":{"start":{"line":192,"column":6},"end":{"line":192,"column":35},"skip":true},"118":{"start":{"line":193,"column":6},"end":{"line":193,"column":37},"skip":true},"119":{"start":{"line":195,"column":4},"end":{"line":195,"column":25},"skip":true},"120":{"start":{"line":196,"column":4},"end":{"line":196,"column":40},"skip":true}},"branchMap":{"1":{"line":28,"type":"if","locations":[{"start":{"line":28,"column":6},"end":{"line":28,"column":6}},{"start":{"line":28,"column":6},"end":{"line":28,"column":6}}]},"2":{"line":28,"type":"binary-expr","locations":[{"start":{"line":28,"column":10},"end":{"line":28,"column":24}},{"start":{"line":28,"column":28},"end":{"line":28,"column":47}}]},"3":{"line":57,"type":"if","locations":[{"start":{"line":57,"column":2},"end":{"line":57,"column":2}},{"start":{"line":57,"column":2},"end":{"line":57,"column":2}}]},"4":{"line":58,"type":"binary-expr","locations":[{"start":{"line":58,"column":11},"end":{"line":58,"column":27}},{"start":{"line":58,"column":31},"end":{"line":58,"column":35}}]},"5":{"line":62,"type":"if","locations":[{"start":{"line":62,"column":2},"end":{"line":62,"column":2}},{"start":{"line":62,"column":2},"end":{"line":62,"column":2}}]},"6":{"line":65,"type":"if","locations":[{"start":{"line":65,"column":2},"end":{"line":65,"column":2}},{"start":{"line":65,"column":2},"end":{"line":65,"column":2}}]},"7":{"line":65,"type":"binary-expr","locations":[{"start":{"line":65,"column":6},"end":{"line":65,"column":17}},{"start":{"line":65,"column":21},"end":{"line":65,"column":36}},{"start":{"line":65,"column":40},"end":{"line":65,"column":50}}]},"8":{"line":67,"type":"if","locations":[{"start":{"line":67,"column":4},"end":{"line":67,"column":4}},{"start":{"line":67,"column":4},"end":{"line":67,"column":4}}]},"9":{"line":71,"type":"binary-expr","locations":[{"start":{"line":71,"column":9},"end":{"line":71,"column":25}},{"start":{"line":71,"column":29},"end":{"line":71,"column":33}},{"start":{"line":71,"column":37},"end":{"line":71,"column":38}}]},"10":{"line":97,"type":"if","locations":[{"start":{"line":97,"column":2},"end":{"line":97,"column":2}},{"start":{"line":97,"column":2},"end":{"line":97,"column":2}}]},"11":{"line":97,"type":"binary-expr","locations":[{"start":{"line":97,"column":6},"end":{"line":97,"column":13}},{"start":{"line":97,"column":17},"end":{"line":97,"column":26}},{"start":{"line":97,"column":30},"end":{"line":97,"column":45}}]},"12":{"line":117,"type":"if","locations":[{"start":{"line":117,"column":0},"end":{"line":117,"column":0}},{"start":{"line":117,"column":0},"end":{"line":117,"column":0}}]},"13":{"line":117,"type":"binary-expr","locations":[{"start":{"line":117,"column":4},"end":{"line":117,"column":33}},{"start":{"line":118,"column":4},"end":{"line":118,"column":48}}]},"14":{"line":118,"type":"binary-expr","locations":[{"start":{"line":118,"column":19},"end":{"line":118,"column":41}},{"start":{"line":118,"column":45},"end":{"line":118,"column":47}}]},"15":{"line":135,"type":"if","locations":[{"start":{"line":135,"column":2},"end":{"line":135,"column":2}},{"start":{"line":135,"column":2},"end":{"line":135,"column":2}}]},"16":{"line":135,"type":"binary-expr","locations":[{"start":{"line":135,"column":6},"end":{"line":135,"column":26}},{"start":{"line":135,"column":30},"end":{"line":135,"column":38}},{"start":{"line":135,"column":42},"end":{"line":135,"column":56}}]},"17":{"line":139,"type":"binary-expr","locations":[{"start":{"line":139,"column":11},"end":{"line":139,"column":31}},{"start":{"line":140,"column":4},"end":{"line":140,"column":23}},{"start":{"line":141,"column":4},"end":{"line":141,"column":24}}]},"18":{"line":152,"type":"if","locations":[{"start":{"line":152,"column":2},"end":{"line":152,"column":2}},{"start":{"line":152,"column":2},"end":{"line":152,"column":2}}]},"19":{"line":155,"type":"if","locations":[{"start":{"line":155,"column":6},"end":{"line":155,"column":6}},{"start":{"line":155,"column":6},"end":{"line":155,"column":6}}]},"20":{"line":161,"type":"if","locations":[{"start":{"line":161,"column":2},"end":{"line":161,"column":2}},{"start":{"line":161,"column":2},"end":{"line":161,"column":2}}]},"21":{"line":164,"type":"if","locations":[{"start":{"line":164,"column":6},"end":{"line":164,"column":6}},{"start":{"line":164,"column":6},"end":{"line":164,"column":6}}]},"22":{"line":167,"type":"if","locations":[{"start":{"line":167,"column":6},"end":{"line":167,"column":6}},{"start":{"line":167,"column":6},"end":{"line":167,"column":6}}]},"23":{"line":170,"type":"if","locations":[{"start":{"line":170,"column":6},"end":{"line":170,"column":6}},{"start":{"line":170,"column":6},"end":{"line":170,"column":6}}]},"24":{"line":173,"type":"if","locations":[{"start":{"line":173,"column":6},"end":{"line":173,"column":6}},{"start":{"line":173,"column":6},"end":{"line":173,"column":6}}]},"25":{"line":183,"type":"if","locations":[{"start":{"line":183,"column":2},"end":{"line":183,"column":2}},{"start":{"line":183,"column":2},"end":{"line":183,"column":2},"skip":true}]},"26":{"line":183,"type":"binary-expr","locations":[{"start":{"line":183,"column":6},"end":{"line":183,"column":18}},{"start":{"line":183,"column":22},"end":{"line":183,"column":33}}]},"27":{"line":187,"type":"if","locations":[{"start":{"line":187,"column":4},"end":{"line":187,"column":4},"skip":true},{"start":{"line":187,"column":4},"end":{"line":187,"column":4},"skip":true}]},"28":{"line":187,"type":"binary-expr","locations":[{"start":{"line":187,"column":8},"end":{"line":187,"column":21},"skip":true},{"start":{"line":187,"column":25},"end":{"line":187,"column":39},"skip":true}]},"29":{"line":189,"type":"if","locations":[{"start":{"line":189,"column":6},"end":{"line":189,"column":6},"skip":true},{"start":{"line":189,"column":6},"end":{"line":189,"column":6},"skip":true}]}},"code":["var Test = require('./test.js')","var Stdin = require('./stdin.js')","var Spawn = require('./spawn.js')","var util = require('util')","var objToYaml = require('./obj-to-yaml.js')","var yaml = require('js-yaml')","","util.inherits(TAP, Test)","function TAP (options) {","  Test.call(this, options)","  this.start = Date.now()","}","","var didPipe = false","TAP.prototype.pipe = function () {","  didPipe = true","  this.setTimeout(this.options.timeout)","  this.pipe = Test.prototype.pipe","  this.push = Test.prototype.push","  var ret = this.pipe.apply(this, arguments)","  this.process()","  return ret","}","","function monkeypatchEpipe () {","  process.stdout.emit = function (emit) {","    return function (ev, er) {","      if (ev === 'error' && er.code === 'EPIPE')","        return this.emit = emit","      return emit.apply(this, arguments)","    }","  }(process.stdout.emit)","}","","function monkeypatchExit () {","  // ensure that we always get run, even if a user does","  // process.on('exit', process.exit)","  process.reallyExit = function (original) {","    return function reallyExit (code) {","      code = onExitEvent(code)","      return original.call(this, code)","    }","  }(process.reallyExit)","","  process.exit = function (original) {","    return function exit (code) {","      code = onExitEvent(code)","      return original.call(this, code)","    }","  }(process.exit)","","  process.on('exit', onExitEvent)","}","","var didOnExitEvent = false","function onExitEvent (code) {","  if (didOnExitEvent)","    return process.exitCode || code","","  didOnExitEvent = true","","  if (!tap.results)","    tap.endAll()","","  if (tap.results && !tap.results.ok && code === 0) {","    process.exitCode = 1","    if (process.version.match(/^v0\\.(10|[0-9])\\./))","      process.exit(code)","  }","","  return process.exitCode || code || 0","}","","TAP.prototype.push = function push () {","  // this resets push and pipe to standard values","  this.pipe(process.stdout)","  this.patchProcess()","  return this.push.apply(this, arguments)","}","","TAP.prototype.patchProcess = function () {","  monkeypatchEpipe()","  monkeypatchExit()","  process.on('uncaughtException', this.threw)","  process.on('unhandledRejection', function (er) {","    this.threw(er)","  }.bind(this))","}","","TAP.prototype.onbail = function () {","  Test.prototype.onbail.apply(this, arguments)","  this.endAll()","  process.exit(1)","}","","TAP.prototype.onbeforeend = function () {","  if (didPipe && this.time && !this.bailedOut)","    this.emit('data', '# time=' + this.time + 'ms\\n')","}","","TAP.prototype.ondone = function () {","  try {","    this.emit('teardown')","  } catch (er) {","    this.threw(er)","  }","}","","// Root test runner doesn't have the 'teardown' event, because it","// isn't hooked into any parent Test as a harness.","TAP.prototype.teardown = TAP.prototype.tearDown = function (fn) {","  this.autoend()","  return Test.prototype.teardown.apply(this, arguments)","}","","var opt = { name: 'TAP' }","if (process.env.TAP_DEBUG === '1' ||","    /\\btap\\b/.test(process.env.NODE_DEBUG || ''))","  opt.debug = true","","var tap = new TAP(opt)","module.exports = tap","tap.mocha = require('./mocha.js')","tap.mochaGlobals = tap.mocha.global","","tap.Test = Test","tap.Spawn = Spawn","tap.Stdin = Stdin","tap.synonyms = require('./synonyms.js')","","// SIGTERM means being forcibly killed, almost always by timeout","var onExit = require('signal-exit')","var didTimeoutKill = false","onExit(function (code, signal) {","  if (signal !== 'SIGTERM' || !didPipe || didTimeoutKill)","    return","","  var handles = process._getActiveHandles().filter(function (h) {","    return h !== process.stdout &&","    h !== process.stdin &&","    h !== process.stderr","  })","  var requests = process._getActiveRequests()","","  // Ignore this because it's really hard to test cover in a way","  // that isn't inconsistent and unpredictable.","  /* istanbul ignore next */","  var extra = {","    at: null,","    signal: signal","  }","  if (requests.length) {","    extra.requests = requests.map(function (r) {","      var ret = { type: r.constructor.name }","      if (r.context) {","        ret.context = r.context","      }","      return ret","    })","  }","  if (handles.length) {","    extra.handles = handles.map(function (h) {","      var ret = { type: h.constructor.name }","      if (h.msecs) {","        ret.msecs = h.msecs","      }","      if (h._events) {","        ret.events = Object.keys(h._events)","      }","      if (h._sockname) {","        ret.sockname = h._sockname","      }","      if (h._connectionKey) {","        ret.connectionKey = h._connectionKey","      }","      return ret","    })","  }","","  // this is impossible to cover, because it happens after nyc has","  // already done its stuff.","  /* istanbul ignore else */","  if (!tap.results && tap.timeout)","    tap.timeout(extra)","  else {","    console.error('possible timeout: SIGTERM received after tap end')","    if (extra.handles || extra.requests) {","      delete extra.signal","      if (!extra.at) {","        delete extra.at","      }","      var yaml = require('js-yaml')","      console.error(objToYaml(extra))","    }","    didTimeoutKill = true","    process.kill(process.pid, 'SIGTERM')","  }","})",""],"l":{"1":1,"2":1,"3":1,"4":1,"5":1,"6":1,"8":1,"9":1,"10":1,"11":1,"14":1,"15":1,"16":0,"17":0,"18":0,"19":0,"20":0,"21":0,"22":0,"25":1,"26":0,"27":0,"28":0,"29":0,"30":0,"35":1,"38":0,"39":0,"40":0,"41":0,"45":0,"46":0,"47":0,"48":0,"52":0,"55":1,"56":1,"57":0,"58":0,"60":0,"62":0,"63":0,"65":0,"66":0,"67":0,"68":0,"71":0,"74":1,"76":0,"77":0,"78":0,"81":1,"82":0,"83":0,"84":0,"85":0,"86":0,"90":1,"91":0,"92":0,"93":0,"96":1,"97":0,"98":0,"101":1,"102":0,"103":0,"105":0,"111":1,"112":0,"113":0,"116":1,"117":1,"119":0,"121":1,"122":1,"123":1,"124":1,"126":1,"127":1,"128":1,"129":1,"132":1,"133":1,"134":1,"135":0,"136":0,"138":0,"139":0,"143":0,"148":1,"152":0,"153":0,"154":0,"155":0,"156":0,"158":0,"161":0,"162":0,"163":0,"164":0,"165":0,"167":0,"168":0,"170":0,"171":0,"173":0,"174":0,"176":0,"183":0,"184":0,"186":1,"187":1,"188":1,"189":1,"190":1,"192":1,"193":1,"195":1,"196":1}},"/home/travis/build/npmtest/node-npmtest-tap/node_modules/tap/lib/test.js":{"path":"/home/travis/build/npmtest/node-npmtest-tap/node_modules/tap/lib/test.js","s":{"1":1,"2":1,"3":1,"4":1,"5":1,"6":1,"7":1,"8":1,"9":1,"10":1,"11":1,"12":1,"13":1,"14":1,"15":1,"16":1,"17":1,"18":1,"19":1,"20":1,"21":1,"22":0,"23":1,"24":1,"25":1,"26":1,"27":0,"28":1,"29":1,"30":1,"31":1,"32":1,"33":1,"34":1,"35":1,"36":1,"37":1,"38":1,"39":1,"40":1,"41":1,"42":1,"43":1,"44":1,"45":1,"46":1,"47":1,"48":1,"49":1,"50":1,"51":1,"52":1,"53":1,"54":1,"55":0,"56":1,"57":0,"58":0,"59":0,"60":0,"61":0,"62":0,"63":0,"64":0,"65":0,"66":0,"67":0,"68":1,"69":0,"70":0,"71":0,"72":0,"73":0,"74":0,"75":0,"76":0,"77":0,"78":0,"79":0,"80":0,"81":0,"82":0,"83":0,"84":0,"85":0,"86":1,"87":0,"88":0,"89":1,"90":0,"91":0,"92":1,"93":0,"94":0,"95":0,"96":0,"97":0,"98":0,"99":0,"100":0,"101":1,"102":0,"103":0,"104":0,"105":0,"106":0,"107":0,"108":1,"109":0,"110":0,"111":0,"112":0,"113":0,"114":0,"115":1,"116":0,"117":0,"118":0,"119":0,"120":0,"121":0,"122":0,"123":0,"124":0,"125":0,"126":0,"127":1,"128":0,"129":0,"130":0,"131":1,"132":0,"133":0,"134":0,"135":0,"136":0,"137":0,"138":1,"139":0,"140":0,"141":0,"142":0,"143":0,"144":0,"145":0,"146":0,"147":0,"148":0,"149":0,"150":0,"151":0,"152":0,"153":0,"154":0,"155":0,"156":0,"157":0,"158":0,"159":0,"160":0,"161":0,"162":0,"163":0,"164":0,"165":0,"166":0,"167":0,"168":0,"169":0,"170":0,"171":0,"172":0,"173":0,"174":0,"175":0,"176":1,"177":0,"178":0,"179":0,"180":0,"181":0,"182":0,"183":0,"184":0,"185":0,"186":0,"187":0,"188":0,"189":0,"190":0,"191":0,"192":0,"193":0,"194":1,"195":0,"196":0,"197":0,"198":0,"199":1,"200":0,"201":0,"202":0,"203":0,"204":0,"205":0,"206":1,"207":0,"208":0,"209":0,"210":0,"211":0,"212":0,"213":0,"214":0,"215":0,"216":0,"217":0,"218":0,"219":0,"220":0,"221":0,"222":0,"223":0,"224":0,"225":0,"226":0,"227":0,"228":1,"229":0,"230":0,"231":0,"232":0,"233":0,"234":0,"235":0,"236":0,"237":0,"238":0,"239":0,"240":0,"241":0,"242":0,"243":0,"244":0,"245":0,"246":0,"247":0,"248":0,"249":0,"250":0,"251":0,"252":0,"253":0,"254":0,"255":0,"256":0,"257":1,"258":14,"259":0,"260":14,"261":0,"262":14,"263":0,"264":14,"265":0,"266":14,"267":0,"268":0,"269":0,"270":0,"271":0,"272":0,"273":0,"274":0,"275":0,"276":0,"277":0,"278":1,"279":0,"280":0,"281":0,"282":0,"283":0,"284":0,"285":0,"286":0,"287":0,"288":0,"289":0,"290":0,"291":0,"292":0,"293":1,"294":0,"295":0,"296":0,"297":0,"298":1,"299":0,"300":0,"301":0,"302":0,"303":0,"304":0,"305":0,"306":0,"307":0,"308":0,"309":0,"310":0,"311":0,"312":0,"313":0,"314":0,"315":0,"316":0,"317":0,"318":0,"319":0,"320":0,"321":0,"322":0,"323":0,"324":0,"325":0,"326":0,"327":0,"328":0,"329":0,"330":0,"331":0,"332":0,"333":0,"334":0,"335":0,"336":0,"337":0,"338":0,"339":0,"340":0,"341":0,"342":0,"343":0,"344":0,"345":0,"346":0,"347":0,"348":0,"349":1,"350":0,"351":0,"352":0,"353":0,"354":0,"355":1,"356":0,"357":0,"358":0,"359":0,"360":0,"361":0,"362":0,"363":0,"364":0,"365":0,"366":0,"367":0,"368":0,"369":0,"370":0,"371":0,"372":0,"373":1,"374":0,"375":0,"376":0,"377":0,"378":0,"379":0,"380":0,"381":0,"382":0,"383":0,"384":0,"385":0,"386":1,"387":0,"388":0,"389":0,"390":0,"391":0,"392":0,"393":0,"394":0,"395":0,"396":0,"397":0,"398":0,"399":0,"400":0,"401":0,"402":1,"403":0,"404":0,"405":0,"406":0,"407":0,"408":0,"409":0,"410":0,"411":0,"412":0,"413":0,"414":0,"415":0,"416":0,"417":1,"418":0,"419":0,"420":0,"421":0,"422":0,"423":1,"424":0,"425":0,"426":0,"427":0,"428":0,"429":1,"430":0,"431":1,"432":0,"433":1,"434":0,"435":1,"436":0,"437":0,"438":1,"439":0,"440":0,"441":1,"442":0,"443":0,"444":0,"445":0,"446":0,"447":0,"448":0,"449":0,"450":0,"451":1,"452":0,"453":0,"454":0,"455":0,"456":1,"457":0,"458":1,"459":0,"460":0,"461":0,"462":0,"463":0,"464":0,"465":0,"466":0,"467":0,"468":0,"469":0,"470":0,"471":0,"472":0,"473":0,"474":0,"475":0,"476":0,"477":0,"478":0,"479":0,"480":0,"481":0,"482":0,"483":0,"484":1},"b":{"1":[1,0],"2":[0,1],"3":[0,0],"4":[0,0],"5":[0,0],"6":[0,0],"7":[0,0],"8":[0,0,0],"9":[0,0],"10":[0,0],"11":[0,0],"12":[0,0],"13":[0,0,0],"14":[0,0],"15":[0,0],"16":[0,0],"17":[0,0],"18":[0,0],"19":[0,0],"20":[0,0],"21":[0,0],"22":[0,0],"23":[0,0],"24":[0,0],"25":[0,0],"26":[0,0],"27":[0,0],"28":[0,0],"29":[0,0],"30":[0,0],"31":[0,0,0],"32":[0,0],"33":[0,0],"34":[0,0],"35":[0,0],"36":[0,0],"37":[0,0],"38":[0,0],"39":[0,0],"40":[0,0],"41":[0,0],"42":[0,0],"43":[0,0],"44":[0,0],"45":[0,0],"46":[0,0],"47":[0,0],"48":[0,0],"49":[0,0],"50":[0,0],"51":[0,0],"52":[0,0],"53":[0,0],"54":[0,0],"55":[0,0],"56":[0,0],"57":[0,0],"58":[0,0],"59":[0,0],"60":[0,14],"61":[0,14],"62":[14,14],"63":[0,14],"64":[0,14],"65":[14,14],"66":[0,0],"67":[0,0],"68":[0,0],"69":[0,0],"70":[0,0],"71":[0,0],"72":[0,0],"73":[0,0],"74":[0,0],"75":[0,0],"76":[0,0],"77":[0,0],"78":[0,0],"79":[0,0],"80":[0,0],"81":[0,0],"82":[0,0],"83":[0,0],"84":[0,0],"85":[0,0],"86":[0,0],"87":[0,0],"88":[0,0],"89":[0,0],"90":[0,0],"91":[0,0,0],"92":[0,0],"93":[0,0],"94":[0,0],"95":[0,0],"96":[0,0],"97":[0,0],"98":[0,0],"99":[0,0],"100":[0,0],"101":[0,0],"102":[0,0],"103":[0,0],"104":[0,0],"105":[0,0],"106":[0,0],"107":[0,0],"108":[0,0],"109":[0,0],"110":[0,0],"111":[0,0],"112":[0,0],"113":[0,0],"114":[0,0],"115":[0,0],"116":[0,0],"117":[0,0],"118":[0,0],"119":[0,0],"120":[0,0],"121":[0,0],"122":[0,0],"123":[0,0],"124":[0,0],"125":[0,0],"126":[0,0],"127":[0,0],"128":[0,0],"129":[0,0],"130":[0,0],"131":[0,0],"132":[0,0],"133":[0,0,0,0,0,0,0],"134":[0,0],"135":[0,0],"136":[0,0],"137":[0,0],"138":[0,0],"139":[0,0],"140":[0,0,0],"141":[0,0],"142":[0,0],"143":[0,0],"144":[0,0],"145":[0,0],"146":[0,0],"147":[0,0]},"f":{"1":0,"2":1,"3":0,"4":0,"5":0,"6":0,"7":0,"8":0,"9":0,"10":0,"11":0,"12":0,"13":0,"14":0,"15":0,"16":0,"17":0,"18":0,"19":0,"20":0,"21":14,"22":0,"23":0,"24":0,"25":0,"26":0,"27":0,"28":0,"29":0,"30":0,"31":0,"32":0,"33":0,"34":0,"35":0,"36":0,"37":0,"38":0,"39":0,"40":0,"41":0,"42":0,"43":0,"44":0,"45":0,"46":0,"47":0,"48":0},"fnMap":{"1":{"name":"hasOwn","line":46,"loc":{"start":{"line":46,"column":0},"end":{"line":46,"column":27}}},"2":{"name":"Test","l
[...]
e,","    coverage: undefined,","    checkCoverage: false,","    branches: 0,","    functions: 0,","    lines: 0,","    statements: 0,","    jobs: 1,","    outputFile: null","  }","","  if (process.env.TAP_COLORS !== undefined)","    defaultArgs.color = !!(+process.env.TAP_COLORS)","","  return defaultArgs","}","","function parseArgs (args, defaults) {","  var options = defaults || {}","","  var singleFlags = {","    b: 'bail',","    B: 'no-bail',","    c: 'color',","    C: 'no-color',","    T: 'no-timeout',","    J: 'jobs-auto',","    h: 'help',","    '?': 'help',","    v: 'version'","  }","","  var singleOpts = {","    j: 'jobs',","    R: 'reporter',","    t: 'timeout',","    s: 'save',","    o: 'output-file'","  }","","  // If we're running under Travis-CI with a Coveralls.io token,","  // then it's a safe bet that we ought to output coverage.","  for (var i = 0; i < coverageServices.length && !options.pipeToService; i++) {","    if (process.env[coverageServices[i].env])","      options.pipeToService = true","  }","","  var defaultCoverage = options.pipeToService","  var dumpConfig = false","","  for (i = 0; i < args.length; i++) {","    var arg = args[i]","    if (arg.charAt(0) !== '-' || arg === '-') {","      options.files.push(arg)","      continue","    }","","    // short-flags","    if (arg.charAt(1) !== '-' && arg !== '-gc') {","      var expand = []","      for (var f = 1; f < arg.length; f++) {","        var fc = arg.charAt(f)","        var sf = singleFlags[fc]","        var so = singleOpts[fc]","        if (sf)","          expand.push('--' + sf)","        else if (so) {","          var soval = arg.slice(f + 1)","          if (soval.charAt(0) !== '=') {","            soval = '=' + soval","          }","          expand.push('--' + so + soval)","          f = arg.length","        } else if (arg !== '-' + fc)","          expand.push('-' + fc)","      }","      if (expand.length) {","        args.splice.apply(args, [i, 1].concat(expand))","        i--","        continue","      }","    }","","    var key = arg","    var val = null","    if (key.match(/^--/) && arg.indexOf('=') !== -1) {","      var kv = arg.split('=')","      key = kv.shift()","      val = kv.join('=')","    }","","    switch (key) {","      case '--help':","        console.log(usage())","        return null","","      case '--dump-config':","        dumpConfig = true","        continue","","      case '--nyc-help':","        nycHelp()","        return null","","      case '--nyc-version':","        nycVersion()","        return null","","      case '--version':","        console.log(require('../package.json').version)","        return null","","      case '--jobs':","        val = val || args[++i]","        options.jobs = +val","        continue","","      case '--jobs-auto':","        val = os.cpus().length;","        options.jobs = +val","        continue","","      case '--coverage-report':","        options.coverageReport = val || args[++i]","        if (options.coverageReport === 'html')","          options.coverageReport = 'lcov'","        defaultCoverage = true","        continue","","      case '--no-browser':","        options.browser = false","        continue","","      case '--no-coverage-report':","        options.coverageReport = false","        continue","","      case '--no-cov': case '--no-coverage':","        options.coverage = false","        continue","","      case '--cov': case '--coverage':","        options.coverage = true","        continue","","      case '--save':","        val = val || args[++i]","        options.saveFile = val","        continue","","      case '--reporter':","        val = val || args[++i]","        options.reporter = val","        continue","","      case '--gc': case '-gc': case '--expose-gc':","        options.nodeArgs.push('--expose-gc')","        continue","","      case '--strict':","        options.nodeArgs.push('--use_strict')","        continue","","      case '--debug':","        options.nodeArgs.push('--debug')","        continue","","      case '--debug-brk':","        options.nodeArgs.push('--debug-brk')","        continue","","      case '--harmony':","        options.nodeArgs.push('--harmony')","        continue","","      case '--node-arg':","        val = val || args[++i]","        if (val !== undefined)","          options.nodeArgs.push(val)","        continue","","      case '--check-coverage':","        defaultCoverage = true","        options.checkCoverage = true","        continue","","      case '--test-arg':","        val = val || args[++i]","        if (val !== undefined)","          options.testArgs.push(val)","        continue","","      case '--nyc-arg':","        val = val || args[++i]","        if (val !== undefined)","          options.nycArgs.push(val)","        continue","","      case '--100':","        defaultCoverage = true","        options.checkCoverage = true","        options.branches = 100","        options.functions = 100","        options.lines = 100","        options.statements = 100","        continue","","      case '--branches':","      case '--functions':","      case '--lines':","      case '--statements':","        defaultCoverage = true","        val = val || args[++i]","        options.checkCoverage = true","        options[key.slice(2)] = val","        continue","","      case '--color':","        options.color = true","        continue","","      case '--no-color':","        options.color = false","        continue","","      case '--output-file':","        val = val || args[++i]","        if (val !== undefined)","          options.outputFile = val","        continue","","      case '--no-timeout':","        options.timeout = 0","        continue","","      case '--timeout':","        val = val || args[++i]","        options.timeout = +val","        continue","","      case '--bail':","        options.bail = true","        continue","","      case '--no-bail':","        options.bail = false","        continue","","      case '--':","        options.files = options.files.concat(args.slice(i + 1))","        i = args.length","        continue","","      default:","        throw new Error('Unknown argument: ' + arg)","    }","  }","","  if (options.coverage === undefined)","    options.coverage = defaultCoverage","","  if (process.env.TAP === '1')","    options.reporter = 'tap'","","  // default to tap for non-tty envs","  if (!options.reporter)","    options.reporter = options.color ? 'classic' : 'tap'","","  if (dumpConfig)","    return console.log(JSON.stringify(options, null, 2))","","  return options","}","","/* istanbul ignore next */","function respawnWithCoverage (options) {","  // console.error('respawn with coverage')","  // Re-spawn with coverage","  var args = [nycBin].concat(","    '--silent',","    '--cache=true',","    options.nycArgs,","    '--',","    process.execArgv,","    process.argv.slice(1)","  )","  process.env._TAP_COVERAGE_ = '1'","  var child = fg(node, args)","  child.removeAllListeners('close')","  child.on('close', function (code, signal) {","    runCoverageReport(options, code, signal)","  })","}","","function pipeToCoverageServices (options, child) {","  // console.error('pipe to services')","  var piped = false","  for (var i = 0; i < coverageServices.length; i++) {","    // console.error('pipe to service?', coverageServices[i].env)","    if (process.env[coverageServices[i].env]) {","      pipeToCoverageService(coverageServices[i], options, child)","      piped = true","    }","  }","","  /* istanbul ignore if */","  if (!piped)","    throw new Error('unknown service, internal error')","}","","function pipeToCoverageService (service, options, child) {","  // console.error('pipe to service yes', service.env)","  var bin = service.bin","","  if (coverageServiceTest) {","    // console.error('use fakey test bin')","    // test scaffolding.","    // don't actually send stuff to the service","    bin = require.resolve('../test/fixtures/cat.js')","    console.log('%s:%s', service.name, process.env[service.env])","  }","","  var ca = spawn(node, [bin], {","    stdio: [ 'pipe', 1, 2 ]","  })","","  child.stdout.pipe(ca.stdin)","","  ca.on('close', function (code, signal) {","    if (signal)","      process.kill(process.pid, signal)","    else if (code)","      console.log('Error piping coverage to ' + service.name)","    else","      console.log('Successfully piped to ' + service.name)","  })","}","","function runCoverageReport (options, code, signal) {","  if (options.checkCoverage)","    runCoverageCheck(options, code, signal)","  else","    runCoverageReportOnly(options, code, signal)","}","","function runCoverageReportOnly (options, code, signal) {","  if (options.coverageReport === false)","    return close(code, signal)","","  if (!options.coverageReport) {","    if (options.pipeToService || coverageServiceTest)","      options.coverageReport = 'text-lcov'","    else","      options.coverageReport = 'text'","  }","","  var args = [nycBin, 'report', '--reporter', options.coverageReport]","  // console.error('run coverage report', args)","","  var child","  // automatically hook into coveralls","  if (options.coverageReport === 'text-lcov' && options.pipeToService) {","    // console.error('pipeToService')","    child = spawn(node, args, { stdio: [ 0, 'pipe', 2 ] })","    pipeToCoverageServices(options, child)","  } else {","    // otherwise just run the reporter","    child = fg(node, args)","    if (options.coverageReport === 'lcov' && options.browser)","      child.on('exit', function () {","        opener('coverage/lcov-report/index.html')","      })","  }","","  if (code || signal) {","    child.removeAllListeners('close')","    child.on('close', close)","  }","","  function close (c, s) {","    if (signal || s) {","      setTimeout(function () {}, 200)","      return process.kill(process.pid, signal || s)","    }","    if (code || c)","      return process.exit(code || c)","  }","}","","function coverageCheckArgs (options) {","  var args = []","  if (options.branches)","    args.push('--branches', options.branches)","  if (options.functions)","    args.push('--functions', options.functions)","  if (options.lines)","    args.push('--lines', options.lines)","  if (options.statements)","    args.push('--statements', options.statements)","","  return args","}","","function runCoverageCheck (options, code, signal) {","  var args = [nycBin, 'check-coverage'].concat(coverageCheckArgs(options))","","  var child = fg(node, args)","  child.removeAllListeners('close')","  child.on('close', function (c, s) {","    runCoverageReportOnly(options, code || c, signal || s)","  })","}","","function usage () {","  return fs.readFileSync(__dirname + '/usage.txt', 'utf8')","    .split('@@REPORTERS@@')","    .join(getReporters())","}","","function nycHelp () {","  fg(node, [nycBin, '--help'])","}","","function nycVersion () {","  console.log(require('nyc/package.json').version)","}","","function getReporters () {","  var types = require('tap-mocha-reporter').types","  types = types.reduce(function (str, t) {","    var ll = str.split('\\n').pop().length + t.length","    if (ll < 40)","      return str + ' ' + t","    else","      return str + '\\n' + t","  }, '').trim()","  var ind = '                              '","  return ind + types.split('\\n').join('\\n' + ind)","}","","function setupTapEnv (options) {","  process.env.TAP_TIMEOUT = options.timeout","  if (options.color)","    process.env.TAP_COLORS = 1","  else","    process.env.TAP_COLORS = 0","","  if (options.bail)","    process.env.TAP_BAIL = '1'","}","","function globFiles (files) {","  return files.reduce(function (acc, f) {","    if (f === '-') {","      acc.push(f)","      return acc","    }","","    // glob claims patterns MUST not include any '\\'s","    if (!/\\\\/.test(f))","      f = glob.sync(f) || f","","    return acc.concat(f)","  }, [])","}","","function makeReporter (options) {","  var TMR = require('tap-mocha-reporter')","  return new TMR(options.reporter)","}","","function stdinOnly (options) {","  // if we didn't specify any files, then just passthrough","  // to the reporter, so we don't get '/dev/stdin' in the suite list.","  // We have to pause() before piping to switch streams2 into old-mode","  process.stdin.pause()","  var reporter = makeReporter(options)","  process.stdin.pipe(reporter)","  process.stdin.resume()","}","","function readSaveFile (options) {","  if (options.saveFile)","    try {","      return fs.readFileSync(options.saveFile, 'utf8').trim().split('\\n')","    } catch (er) {}","","  return null","}","","function saveFails (options, tap) {","  if (!options.saveFile)","    return","","  var fails = []","  var successes = []","  tap.on('result', function (res) {","    // we will continue to re-run todo tests, even though they're","    // not technically \"failures\".","    if (!res.ok && !res.extra.skip)","      fails.push(res.extra.file)","    else","      successes.push(res.extra.file)","  })","","  tap.on('bailout', function (reason) {","    // add any pending test files to the fails list.","    fails.push.apply(fails, options.files.filter(function (file) {","      return successes.indexOf(file) === -1","    }))","    save()","  })","","  tap.on('end', save)","","  function save () {","    fails = fails.reduce(function (set, f) {","      if (set.indexOf(f) === -1)","        set.push(f)","      return set","    }, [])","","    if (!fails.length)","      try {","        fs.unlinkSync(options.saveFile)","      } catch (er) {}","    else","      try {","        fs.writeFileSync(options.saveFile, fails.join('\\n') + '\\n')","      } catch (er) {}","  }","}","","function filterFiles (files, saved, parallelOk) {","  return files.filter(function (file) {","    if (path.basename(file) === 'tap-parallel-ok')","      parallelOk[path.resolve(path.dirname(file))] = true","    else if (path.basename(file) === 'tap-parallel-not-ok')","      parallelOk[path.resolve(path.dirname(file))] = false","    else","      return saved === null || saved.indexOf(file) !== -1","  })","}","","function isParallelOk (parallelOk, file) {","  var dir = path.resolve(path.dirname(file))","","  if (dir in parallelOk)","    return parallelOk[dir]","","  if (exists(dir + '/tap-parallel-ok'))","    return parallelOk[dir] = true","","  if (exists(dir + '/tap-parallel-not-ok'))","    return parallelOk[dir] = false","","  if (dir.length >= process.cwd().length)","    return isParallelOk(parallelOk, dir)","}","","function runAllFiles (options, saved, tap) {","  var doStdin = false","  var parallelOk = Object.create(null)","","  options.files = filterFiles(options.files, saved, parallelOk)","","  for (var i = 0; i < options.files.length; i++) {","    var opt = {}","    var file = options.files[i]","","    // Pick up stdin after all the other files are handled.","    if (file === '-') {","      doStdin = true","      continue","    }","","    var st = fs.statSync(options.files[i])","    if (options.timeout)","      opt.timeout = options.timeout * 1000","","    opt.file = file","    if (options.jobs > 1)","      opt.buffered = isParallelOk(parallelOk, file) !== false","","    if (file.match(/\\.js$/)) {","      var args = options.nodeArgs.concat(file).concat(options.testArgs)","      tap.spawn(node, args, opt, file)","    } else if (st.isDirectory()) {","      var dir = filterFiles(fs.readdirSync(file).map(function (f) {","        return file + '/' + f","      }), saved, parallelOk)","      options.files.push.apply(options.files, dir)","    } else if (isexe.sync(options.files[i]))","      tap.spawn(options.files[i], options.testArgs, opt, file)","  }","","  if (doStdin)","    tap.stdin()","}","","function runTests (options) {","  var saved = readSaveFile(options)","","  // At this point, we know we need to use the tap root,","  // because there are 1 or more files to spawn.","  var tap = require('../lib/tap.js')","","  tap.jobs = options.jobs","  tap.patchProcess()","","  // if not -Rtap, then output what the user wants.","  // otherwise just dump to stdout","  tap.pipe(options.reporter === 'tap' ? process.stdout: makeReporter(options))","","  // need to replay the first version line, because the previous","  // line will have flushed it out to stdout or the reporter already.","  if (options.outputFile !== null)","    tap.pipe(fs.createWriteStream(options.outputFile)).write('TAP version 13\\n')","","  saveFails(options, tap)","","  runAllFiles(options, saved, tap)","","  tap.end()","}","","function parseRcFile (path) {","  try {","    var contents = fs.readFileSync(path, 'utf8')","    return yaml.safeLoad(contents) || {}","  } catch (er) {","    // if no dotfile exists, or invalid yaml, fail gracefully","    return {}","  }","}",""],"l":{"3":2,"4":2,"5":2,"6":2,"7":2,"8":2,"9":2,"10":2,"11":2,"12":2,"13":2,"14":2,"15":2,"16":2,"18":2,"22":2,"23":0,"28":2,"29":0,"37":2,"45":2,"47":1,"48":2,"50":2,"51":2,"52":0,"56":0,"59":0,"60":0,"63":0,"64":0,"65":0,"68":0,"71":0,"73":0,"74":0,"76":0,"77":0,"78":0,"80":0,"83":0,"85":0,"87":0,"89":0,"90":0,"91":0,"94":0,"95":0,"96":0,"97":0,"98":0,"105":0,"106":1,"108":0,"110":0,"113":1,"114":0,"115":0,"116":0,"118":0,"141":0,"142":0,"144":0,"147":1,"148":0,"150":0,"162":0,"172":0,"173":0,"174":0,"177":0,"178":0,"180":0,"181":0,"182":0,"183":0,"184":0,"188":0,"189":0,"190":0,"191":0,"192":0,"193":0,"194":0,"195":0,"196":0,"197":0,"198":0,"199":0,"201":0,"202":0,"203":0,"204":0,"206":0,"207":0,"208":0,"209":0,"213":0,"214":0,"215":0,"216":0,"217":0,"218":0,"221":0,"223":0,"224":0,"227":0,"228":0,"231":0,"232":0,"235":0,"236":0,"239":0,"240":0,"243":0,"244":0,"245":0,"248":0,"249":0,"250":0,"253":0,"254":0,"255":0,"256":0,"257":0,"260":0,"261":0,"264":0,"265":0,"268":0,"269":0,"272":0,"273":0,"276":0,"277":0,"278":0,"281":0,"282":0,"283":0,"286":0,"287":0,"290":0,"291":0,"294":0,"295":0,"298":0,"299":0,"302":0,"303":0,"306":0,"307":0,"308":0,"309":0,"312":0,"313":0,"314":0,"317":0,"318":0,"319":0,"320":0,"323":0,"324":0,"325":0,"326":0,"329":0,"330":0,"331":0,"332":0,"333":0,"334":0,"335":0,"341":0,"342":0,"343":0,"344":0,"345":0,"348":0,"349":0,"352":0,"353":0,"356":0,"357":0,"358":0,"359":0,"362":0,"363":0,"366":0,"367":0,"368":0,"371":0,"372":0,"375":0,"376":0,"379":0,"380":0,"381":0,"384":0,"388":0,"389":0,"391":0,"392":0,"395":0,"396":0,"398":0,"399":0,"401":0,"405":1,"408":1,"416":1,"417":1,"418":1,"419":1,"420":1,"424":1,"426":0,"427":0,"429":0,"430":0,"431":0,"436":0,"437":1,"440":1,"442":0,"444":0,"448":0,"449":0,"452":0,"456":0,"458":0,"459":0,"460":0,"461":0,"462":0,"464":0,"468":1,"469":0,"470":0,"472":0,"475":1,"476":0,"477":0,"479":0,"480":0,"481":0,"483":0,"486":0,"489":0,"491":0,"493":0,"494":0,"497":0,"498":0,"499":0,"500":0,"504":0,"505":0,"506":0,"509":1,"510":0,"511":0,"512":0,"514":0,"515":0,"519":1,"520":0,"521":0,"522":0,"523":0,"524":0,"525":0,"526":0,"527":0,"528":0,"530":0,"533":1,"534":0,"536":0,"537":0,"538":0,"539":0,"543":1,"544":2,"549":1,"550":0,"553":1,"554":0,"557":1,"558":2,"559":0,"560":0,"561":0,"562":0,"564":0,"566":0,"567":0,"570":1,"571":0,"572":0,"573":0,"575":0,"577":0,"578":0,"581":1,"582":0,"583":0,"584":0,"585":0,"589":0,"590":0,"592":0,"596":1,"597":0,"598":0,"601":1,"605":0,"606":0,"607":0,"608":0,"611":1,"612":0,"613":0,"614":0,"617":0,"620":1,"621":0,"622":0,"624":0,"625":0,"626":0,"629":0,"630":0,"632":0,"635":0,"637":0,"638":0,"640":0,"643":0,"645":1,"646":0,"647":0,"648":0,"649":0,"652":0,"653":0,"654":0,"657":0,"658":0,"663":1,"664":0,"665":0,"666":0,"667":0,"668":0,"670":0,"674":1,"675":0,"677":0,"678":0,"680":0,"681":0,"683":0,"684":0,"686":0,"687":0,"690":1,"691":0,"692":0,"694":0,"696":0,"697":0,"698":0,"701":0,"702":0,"703":0,"706":0,"707":0,"708":0,"710":0,"711":0,"712":0,"714":0,"715":0,"716":0,"717":0,"718":0,"719":0,"721":0,"722":0,"723":0,"726":0,"727":0,"730":1,"731":0,"735":0,"737":0,"738":0,"742":0,"746":0,"747":0,"749":0,"751":0,"753":0,"756":1,"757":0,"758":0,"759":0,"762":0}}}